{ Error: Not Found
    at /home/weicai/app.js:55:15
    at Layer.handle [as handle_request] (/home/weicai/node_modules/express/lib/router/layer.js:95:5)
    at trim_prefix (/home/weicai/node_modules/express/lib/router/index.js:312:13)
    at /home/weicai/node_modules/express/lib/router/index.js:280:7
    at Function.process_params (/home/weicai/node_modules/express/lib/router/index.js:330:12)
    at next (/home/weicai/node_modules/express/lib/router/index.js:271:10)
    at /home/weicai/node_modules/express/lib/router/index.js:618:15
    at next (/home/weicai/node_modules/express/lib/router/index.js:256:14)
    at Function.handle (/home/weicai/node_modules/express/lib/router/index.js:176:3)
    at router (/home/weicai/node_modules/express/lib/router/index.js:46:12) status: 404 }
Error: Failed to lookup view "error" in views directory "/home/weicai/views"
    at Function.render (/home/weicai/node_modules/express/lib/application.js:579:17)
    at ServerResponse.render (/home/weicai/node_modules/express/lib/response.js:960:7)
    at /home/weicai/app.js:69:9
    at Layer.handle_error (/home/weicai/node_modules/express/lib/router/layer.js:71:5)
    at trim_prefix (/home/weicai/node_modules/express/lib/router/index.js:310:13)
    at /home/weicai/node_modules/express/lib/router/index.js:280:7
    at Function.process_params (/home/weicai/node_modules/express/lib/router/index.js:330:12)
    at next (/home/weicai/node_modules/express/lib/router/index.js:271:10)
    at /home/weicai/app.js:58:5
    at Layer.handle [as handle_request] (/home/weicai/node_modules/express/lib/router/layer.js:95:5)
{ Error: Not Found
    at /home/weicai/app.js:55:15
    at Layer.handle [as handle_request] (/home/weicai/node_modules/express/lib/router/layer.js:95:5)
    at trim_prefix (/home/weicai/node_modules/express/lib/router/index.js:312:13)
    at /home/weicai/node_modules/express/lib/router/index.js:280:7
    at Function.process_params (/home/weicai/node_modules/express/lib/router/index.js:330:12)
    at next (/home/weicai/node_modules/express/lib/router/index.js:271:10)
    at /home/weicai/node_modules/express/lib/router/index.js:618:15
    at next (/home/weicai/node_modules/express/lib/router/index.js:256:14)
    at Function.handle (/home/weicai/node_modules/express/lib/router/index.js:176:3)
    at router (/home/weicai/node_modules/express/lib/router/index.js:46:12) status: 404 }
Error: Failed to lookup view "error" in views directory "/home/weicai/views"
    at Function.render (/home/weicai/node_modules/express/lib/application.js:579:17)
    at ServerResponse.render (/home/weicai/node_modules/express/lib/response.js:960:7)
    at /home/weicai/app.js:69:9
    at Layer.handle_error (/home/weicai/node_modules/express/lib/router/layer.js:71:5)
    at trim_prefix (/home/weicai/node_modules/express/lib/router/index.js:310:13)
    at /home/weicai/node_modules/express/lib/router/index.js:280:7
    at Function.process_params (/home/weicai/node_modules/express/lib/router/index.js:330:12)
    at next (/home/weicai/node_modules/express/lib/router/index.js:271:10)
    at /home/weicai/app.js:58:5
    at Layer.handle [as handle_request] (/home/weicai/node_modules/express/lib/router/layer.js:95:5)
{ Error: Not Found
    at /home/weicai/app.js:55:15
    at Layer.handle [as handle_request] (/home/weicai/node_modules/express/lib/router/layer.js:95:5)
    at trim_prefix (/home/weicai/node_modules/express/lib/router/index.js:312:13)
    at /home/weicai/node_modules/express/lib/router/index.js:280:7
    at Function.process_params (/home/weicai/node_modules/express/lib/router/index.js:330:12)
    at next (/home/weicai/node_modules/express/lib/router/index.js:271:10)
    at /home/weicai/node_modules/express/lib/router/index.js:618:15
    at next (/home/weicai/node_modules/express/lib/router/index.js:256:14)
    at Function.handle (/home/weicai/node_modules/express/lib/router/index.js:176:3)
    at router (/home/weicai/node_modules/express/lib/router/index.js:46:12) status: 404 }
Error: Failed to lookup view "error" in views directory "/home/weicai/views"
    at Function.render (/home/weicai/node_modules/express/lib/application.js:579:17)
    at ServerResponse.render (/home/weicai/node_modules/express/lib/response.js:960:7)
    at /home/weicai/app.js:69:9
    at Layer.handle_error (/home/weicai/node_modules/express/lib/router/layer.js:71:5)
    at trim_prefix (/home/weicai/node_modules/express/lib/router/index.js:310:13)
    at /home/weicai/node_modules/express/lib/router/index.js:280:7
    at Function.process_params (/home/weicai/node_modules/express/lib/router/index.js:330:12)
    at next (/home/weicai/node_modules/express/lib/router/index.js:271:10)
    at /home/weicai/app.js:58:5
    at Layer.handle [as handle_request] (/home/weicai/node_modules/express/lib/router/layer.js:95:5)
{ Error: Not Found
    at /home/weicai/app.js:55:15
    at Layer.handle [as handle_request] (/home/weicai/node_modules/express/lib/router/layer.js:95:5)
    at trim_prefix (/home/weicai/node_modules/express/lib/router/index.js:312:13)
    at /home/weicai/node_modules/express/lib/router/index.js:280:7
    at Function.process_params (/home/weicai/node_modules/express/lib/router/index.js:330:12)
    at next (/home/weicai/node_modules/express/lib/router/index.js:271:10)
    at /home/weicai/node_modules/express/lib/router/index.js:618:15
    at next (/home/weicai/node_modules/express/lib/router/index.js:256:14)
    at Function.handle (/home/weicai/node_modules/express/lib/router/index.js:176:3)
    at router (/home/weicai/node_modules/express/lib/router/index.js:46:12) status: 404 }
Error: Failed to lookup view "error" in views directory "/home/weicai/views"
    at Function.render (/home/weicai/node_modules/express/lib/application.js:579:17)
    at ServerResponse.render (/home/weicai/node_modules/express/lib/response.js:960:7)
    at /home/weicai/app.js:69:9
    at Layer.handle_error (/home/weicai/node_modules/express/lib/router/layer.js:71:5)
    at trim_prefix (/home/weicai/node_modules/express/lib/router/index.js:310:13)
    at /home/weicai/node_modules/express/lib/router/index.js:280:7
    at Function.process_params (/home/weicai/node_modules/express/lib/router/index.js:330:12)
    at next (/home/weicai/node_modules/express/lib/router/index.js:271:10)
    at /home/weicai/app.js:58:5
    at Layer.handle [as handle_request] (/home/weicai/node_modules/express/lib/router/layer.js:95:5)
{ Error: Not Found
    at /home/weicai/app.js:55:15
    at Layer.handle [as handle_request] (/home/weicai/node_modules/express/lib/router/layer.js:95:5)
    at trim_prefix (/home/weicai/node_modules/express/lib/router/index.js:312:13)
    at /home/weicai/node_modules/express/lib/router/index.js:280:7
    at Function.process_params (/home/weicai/node_modules/express/lib/router/index.js:330:12)
    at next (/home/weicai/node_modules/express/lib/router/index.js:271:10)
    at /home/weicai/node_modules/express/lib/router/index.js:618:15
    at next (/home/weicai/node_modules/express/lib/router/index.js:256:14)
    at Function.handle (/home/weicai/node_modules/express/lib/router/index.js:176:3)
    at router (/home/weicai/node_modules/express/lib/router/index.js:46:12) status: 404 }
Error: Failed to lookup view "error" in views directory "/home/weicai/views"
    at Function.render (/home/weicai/node_modules/express/lib/application.js:579:17)
    at ServerResponse.render (/home/weicai/node_modules/express/lib/response.js:960:7)
    at /home/weicai/app.js:69:9
    at Layer.handle_error (/home/weicai/node_modules/express/lib/router/layer.js:71:5)
    at trim_prefix (/home/weicai/node_modules/express/lib/router/index.js:310:13)
    at /home/weicai/node_modules/express/lib/router/index.js:280:7
    at Function.process_params (/home/weicai/node_modules/express/lib/router/index.js:330:12)
    at next (/home/weicai/node_modules/express/lib/router/index.js:271:10)
    at /home/weicai/app.js:58:5
    at Layer.handle [as handle_request] (/home/weicai/node_modules/express/lib/router/layer.js:95:5)
