[0mGET /user/register [36m304 [0m27.792 ms - -[0m
[0mGET /css/img/loading.gif [33m404 [0m19.552 ms - 969[0m
[0mGET /personCenter/personalCenter [31m500 [0m19.198 ms - 855[0m
[0mGET / [36m304 [0m9.520 ms - -[0m
[0mGET /img/icon/logo.png [33m404 [0m5.908 ms - 969[0m
[0mGET /user/login [32m200 [0m3.218 ms - 7434[0m
[0mGET /user/login [32m200 [0m3.126 ms - 7434[0m
[0mPOST /user/login [36m302 [0m119.601 ms - 68[0m
[0mGET /index/index [32m200 [0m7.088 ms - 20863[0m
[0mGET /index/img/icon/logo.png [33m404 [0m4.270 ms - 969[0m
[0mGET /css/img/icon/line.png [33m404 [0m2.042 ms - 969[0m
[0mGET /css/img/icon/shop_car.png [33m404 [0m2.145 ms - 969[0m
[0mGET /personCenter/personalCenter [32m200 [0m6.417 ms - 16573[0m
[0mPOST /user/login [36m302 [0m1483.778 ms - 68[0m
[0mGET /personCenter/img/qunzi.jpg [33m404 [0m8.456 ms - 969[0m
[0mGET /personCenter/img/icon/logo.png [33m404 [0m5.690 ms - 969[0m
[0mGET /css/img/icon/line.png [33m404 [0m6.273 ms - 969[0m
[0mGET /css/img/icon/shop_car.png [33m404 [0m6.459 ms - 969[0m
[0mGET /css/images/icon.fw.png [33m404 [0m3.260 ms - 969[0m
[0mGET /index/index [36m304 [0m5.245 ms - -[0m
[0mGET /index/img/icon/logo.png [33m404 [0m3.366 ms - 969[0m
[0mGET /personCenter/personalCenter [36m304 [0m13.318 ms - -[0m
[0mGET /personCenter/img/qunzi.jpg [33m404 [0m3.780 ms - 969[0m
[0mGET /personCenter/img/icon/logo.png [33m404 [0m2.282 ms - 969[0m
[0mGET /personCenter/publish [36m304 [0m7.707 ms - -[0m
[0mGET /personCenter/img/icon/logo.png [33m404 [0m2.834 ms - 969[0m
[0mGET /personCenter/publish [36m304 [0m6.892 ms - -[0m
[0mGET /commodity/addCommodity [32m200 [0m32.698 ms - 8964[0m
[0mGET /personCenter/img/icon/logo.png [33m404 [0m4.188 ms - 969[0m
[0mGET /css/img/icon/line.png [33m404 [0m2.456 ms - 969[0m
[0mGET /css/img/icon/shop_car.png [33m404 [0m2.178 ms - 969[0m
[0mGET /css/images/icon.fw.png [33m404 [0m3.455 ms - 969[0m
[0mGET /commodity/addCommodity [36m302 [0m29.488 ms - 72[0m
[0mGET /user/register [32m200 [0m4.070 ms - 11632[0m
[0mGET /css/img/loading.gif [33m404 [0m4.726 ms - 969[0m
UserMsgModel {}
[0mPOST /user/register [32m200 [0m208.649 ms - 892[0m
[0mGET /personCenter/personalCenter [36m304 [0m4.192 ms - -[0m
[0mGET /personCenter/img/qunzi.jpg [33m404 [0m2.373 ms - 969[0m
[0mGET /personCenter/img/icon/logo.png [33m404 [0m3.249 ms - 969[0m
[0mGET /css/img/icon/line.png [33m404 [0m2.083 ms - 969[0m
[0mGET /css/img/icon/shop_car.png [33m404 [0m3.391 ms - 969[0m
[0mGET /css/images/icon.fw.png [33m404 [0m2.663 ms - 969[0m
[0mGET /personCenter/personalCenter [36m304 [0m3.087 ms - -[0m
[0mGET /personCenter/img/qunzi.jpg [33m404 [0m5.443 ms - 969[0m
[0mGET /personCenter/img/icon/logo.png [33m404 [0m5.396 ms - 969[0m
[0mGET /css/img/icon/shop_car.png [33m404 [0m4.270 ms - 969[0m
[0mGET /css/img/icon/line.png [33m404 [0m4.274 ms - 969[0m
[0mGET /css/images/icon.fw.png [33m404 [0m2.983 ms - 969[0m
[0mGET /check/checkUser [32m200 [0m2.975 ms - 4761[0m
[0mGET /check/checkUserInfo [32m200 [0m4.688 ms - 7765[0m
[0mGET /personCenter/img/qunzi.jpg [33m404 [0m9.179 ms - 969[0m
[0mGET /personCenter/img/icon/logo.png [33m404 [0m9.325 ms - 969[0m
[0mGET /css/img/icon/shop_car.png [33m404 [0m2.481 ms - 969[0m
[0mGET /css/img/icon/line.png [33m404 [0m2.447 ms - 969[0m
[0mGET /css/images/icon.fw.png [33m404 [0m2.735 ms - 969[0m
[0mGET /personCenter/personalCenter [36m304 [0m4.559 ms - -[0m
[0mGET /personCenter/img/icon/logo.png [33m404 [0m5.094 ms - 969[0m
[0mGET /personCenter/img/qunzi.jpg [33m404 [0m4.990 ms - 969[0m
[0mGET /css/img/icon/line.png [33m404 [0m2.172 ms - 969[0m
[0mGET /css/img/icon/shop_car.png [33m404 [0m5.580 ms - 969[0m
[0mGET /css/images/icon.fw.png [33m404 [0m1.689 ms - 969[0m
[0mGET /personCenter/personalCenter [31m500 [0m15.805 ms - 1006[0m
[0mGET /personCenter/personalCenter [32m200 [0m9.194 ms - 16780[0m
[0mGET /personCenter/img/icon/logo.png [33m404 [0m6.254 ms - 969[0m
[0mGET /personCenter/img/qunzi.jpg [33m404 [0m6.418 ms - 969[0m
[0mGET /css/img/icon/line.png [33m404 [0m2.163 ms - 969[0m
[0mGET /css/img/icon/shop_car.png [33m404 [0m8.372 ms - 969[0m
[0mGET /css/images/icon.fw.png [33m404 [0m3.018 ms - 969[0m
[0mGET /personCenter/personalCenter [32m200 [0m4.315 ms - 16563[0m
[0mGET /personCenter/img/icon/logo.png [33m404 [0m1.826 ms - 969[0m
[0mGET /personCenter/img/qunzi.jpg [33m404 [0m1.984 ms - 969[0m
[0mGET /css/img/icon/line.png [33m404 [0m4.426 ms - 969[0m
[0mGET /css/img/icon/shop_car.png [33m404 [0m2.066 ms - 969[0m
[0mGET /css/images/icon.fw.png [33m404 [0m1.729 ms - 969[0m
[0mGET /personCenter/personalCenter [36m304 [0m5.519 ms - -[0m
[0mGET /personCenter/img/icon/logo.png [33m404 [0m2.850 ms - 969[0m
[0mGET /personCenter/img/qunzi.jpg [33m404 [0m2.082 ms - 969[0m
[0mGET /css/img/icon/line.png [33m404 [0m4.173 ms - 969[0m
[0mGET /css/img/icon/shop_car.png [33m404 [0m3.057 ms - 969[0m
[0mGET /css/images/icon.fw.png [33m404 [0m2.799 ms - 969[0m
[0mGET /personCenter/publish [32m200 [0m5.135 ms - 16424[0m
[0mGET /personCenter/img/icon/logo.png [33m404 [0m3.201 ms - 969[0m
[0mGET /check/checkUser [32m200 [0m2.728 ms - 4761[0m
[0mGET /check/checkUser [36m304 [0m1.898 ms - -[0m
[0mGET /check/checkUser [36m304 [0m2.107 ms - -[0m
[0mGET /check/checkUser [32m200 [0m24.495 ms - 855[0m
[0mGET /user/login [32m200 [0m7.440 ms - 7434[0m
[0mPOST /user/login [36m302 [0m73.353 ms - 68[0m
[0mGET /index/index [32m200 [0m7.995 ms - 20853[0m
[0mGET /index/img/icon/logo.png [33m404 [0m6.210 ms - 969[0m
[0mGET /check/checkUser [31m500 [0m32.248 ms - 1006[0m
[0mGET /check/checkUser [32m200 [0m22.862 ms - 855[0m
[0mGET /user/login [32m200 [0m5.693 ms - 7434[0m
[0mPOST /user/login [36m302 [0m74.235 ms - 68[0m
[0mGET /index/index [36m304 [0m9.525 ms - -[0m
[0mGET /index/img/icon/logo.png [33m404 [0m6.858 ms - 969[0m
[0mGET /check/checkUser [32m200 [0m33.086 ms - 4761[0m
[0mGET /check/checkUser [32m200 [0m4.670 ms - 855[0m
[0mGET /user/login [32m200 [0m3.951 ms - 7434[0m
[0mPOST /user/login [36m302 [0m32.944 ms - 68[0m
[0mGET /index/index [32m200 [0m4.873 ms - 20853[0m
[0mGET /index/img/icon/logo.png [33m404 [0m4.876 ms - 969[0m
[0mGET /css/img/icon/line.png [33m404 [0m3.179 ms - 969[0m
[0mGET /css/img/icon/shop_car.png [33m404 [0m2.330 ms - 969[0m
[0mGET /check/checkUser [32m200 [0m315.242 ms - 4761[0m
[0mGET /check/checkUser [32m200 [0m35.178 ms - 4795[0m
[0mGET /check/checkUser [32m200 [0m35.200 ms - 5813[0m
[0mGET /check/checkUser [32m200 [0m71.287 ms - 4806[0m
[0mGET /check/checkUser [36m304 [0m28.611 ms - -[0m
[0mGET /check/checkUser [31m500 [0m33.359 ms - 1006[0m
[0mGET /check/checkUser [32m200 [0m32.461 ms - 4792[0m
[0mGET /check/checkUser [32m200 [0m32.411 ms - 5848[0m
[0mGET /check/checkUser [32m200 [0m22.765 ms - 855[0m
{ Error: ER_PARSE_ERROR: You have an error in your SQL syntax; check the manual that corresponds to your MySQL server version for the right syntax to use near 'u.mid=um.id where um.status=2' at line 1
    at Query.Sequence._packetToError (/home/weicai/node_modules/mysql/lib/protocol/sequences/Sequence.js:52:14)
    at Query.ErrorPacket (/home/weicai/node_modules/mysql/lib/protocol/sequences/Query.js:83:18)
    at Protocol._parsePacket (/home/weicai/node_modules/mysql/lib/protocol/Protocol.js:280:23)
    at Parser.write (/home/weicai/node_modules/mysql/lib/protocol/Parser.js:74:12)
    at Protocol.write (/home/weicai/node_modules/mysql/lib/protocol/Protocol.js:39:16)
    at Socket.<anonymous> (/home/weicai/node_modules/mysql/lib/Connection.js:109:28)
    at emitOne (events.js:96:13)
    at Socket.emit (events.js:188:7)
    at readableAddChunk (_stream_readable.js:176:18)
    at Socket.Readable.push (_stream_readable.js:134:10)
    --------------------
    at Protocol._enqueue (/home/weicai/node_modules/mysql/lib/protocol/Protocol.js:141:48)
    at PoolConnection.query (/home/weicai/node_modules/mysql/lib/Connection.js:214:25)
    at pool.getConnection (/home/weicai/vendor/model.js:20:26)
    at Handshake.onConnect [as _callback] (/home/weicai/node_modules/mysql/lib/Pool.js:63:7)
    at Handshake.Sequence.end (/home/weicai/node_modules/mysql/lib/protocol/sequences/Sequence.js:86:24)
    at Handshake.Sequence.OkPacket (/home/weicai/node_modules/mysql/lib/protocol/sequences/Sequence.js:95:8)
    at Protocol._parsePacket (/home/weicai/node_modules/mysql/lib/protocol/Protocol.js:280:23)
    at Parser.write (/home/weicai/node_modules/mysql/lib/protocol/Parser.js:74:12)
    at Protocol.write (/home/weicai/node_modules/mysql/lib/protocol/Protocol.js:39:16)
    at Socket.<anonymous> (/home/weicai/node_modules/mysql/lib/Connection.js:109:28)
  code: 'ER_PARSE_ERROR',
  errno: 1064,
  sqlState: '42000',
  index: 0 }
[0mGET /user/login [32m200 [0m6.325 ms - 7434[0m
[0mPOST /user/login [36m302 [0m69.949 ms - 68[0m
[0mGET /index/index [32m200 [0m14.081 ms - 20853[0m
[0mGET /index/img/icon/logo.png [33m404 [0m8.310 ms - 969[0m
[0mGET /css/img/icon/line.png [33m404 [0m1.877 ms - 969[0m
[0mGET /css/img/icon/shop_car.png [33m404 [0m3.778 ms - 969[0m
{ Error: ER_PARSE_ERROR: You have an error in your SQL syntax; check the manual that corresponds to your MySQL server version for the right syntax to use near 'u.mid=um.id where um.status=2' at line 1
    at Query.Sequence._packetToError (/home/weicai/node_modules/mysql/lib/protocol/sequences/Sequence.js:52:14)
    at Query.ErrorPacket (/home/weicai/node_modules/mysql/lib/protocol/sequences/Query.js:83:18)
    at Protocol._parsePacket (/home/weicai/node_modules/mysql/lib/protocol/Protocol.js:280:23)
    at Parser.write (/home/weicai/node_modules/mysql/lib/protocol/Parser.js:74:12)
    at Protocol.write (/home/weicai/node_modules/mysql/lib/protocol/Protocol.js:39:16)
    at Socket.<anonymous> (/home/weicai/node_modules/mysql/lib/Connection.js:109:28)
    at emitOne (events.js:96:13)
    at Socket.emit (events.js:188:7)
    at readableAddChunk (_stream_readable.js:176:18)
    at Socket.Readable.push (_stream_readable.js:134:10)
    --------------------
    at Protocol._enqueue (/home/weicai/node_modules/mysql/lib/protocol/Protocol.js:141:48)
    at PoolConnection.query (/home/weicai/node_modules/mysql/lib/Connection.js:214:25)
    at pool.getConnection (/home/weicai/vendor/model.js:20:26)
    at Ping.onOperationComplete [as _callback] (/home/weicai/node_modules/mysql/lib/Pool.js:108:5)
    at Ping.Sequence.end (/home/weicai/node_modules/mysql/lib/protocol/sequences/Sequence.js:86:24)
    at Ping.Sequence.OkPacket (/home/weicai/node_modules/mysql/lib/protocol/sequences/Sequence.js:95:8)
    at Protocol._parsePacket (/home/weicai/node_modules/mysql/lib/protocol/Protocol.js:280:23)
    at Parser.write (/home/weicai/node_modules/mysql/lib/protocol/Parser.js:74:12)
    at Protocol.write (/home/weicai/node_modules/mysql/lib/protocol/Protocol.js:39:16)
    at Socket.<anonymous> (/home/weicai/node_modules/mysql/lib/Connection.js:109:28)
  code: 'ER_PARSE_ERROR',
  errno: 1064,
  sqlState: '42000',
  index: 0 }
[0mGET /check/checkUser [31m500 [0m151.530 ms - 1006[0m
[0mGET /index/img/icon/logo.png [33m404 [0m3.055 ms - 969[0m
[0mGET /css/img/icon/shop_car.png [33m404 [0m5.611 ms - 969[0m
[0mGET /css/img/icon/line.png [33m404 [0m6.634 ms - 969[0m
[0mGET /index/index [36m304 [0m15.568 ms - -[0m
[0mGET /index/img/icon/logo.png [33m404 [0m3.819 ms - 969[0m
[0mGET /css/img/icon/shop_car.png [33m404 [0m3.741 ms - 969[0m
[0mGET /css/img/icon/line.png [33m404 [0m2.815 ms - 969[0m
[0mGET /index/index [32m200 [0m23.729 ms - 20869[0m
[0mGET /index/img/icon/logo.png [33m404 [0m16.700 ms - 969[0m
[0mGET /css/img/icon/shop_car.png [33m404 [0m3.196 ms - 969[0m
[0mGET /css/img/icon/line.png [33m404 [0m3.154 ms - 969[0m
[0mGET /user/login [32m200 [0m6.973 ms - 7434[0m
[0mPOST /user/login [36m302 [0m120.752 ms - 68[0m
[0mGET /index/index [32m200 [0m8.220 ms - 20853[0m
[0mGET /index/img/icon/logo.png [33m404 [0m2.110 ms - 969[0m
[0mGET /css/img/icon/line.png [33m404 [0m1.972 ms - 969[0m
[0mGET /css/img/icon/shop_car.png [33m404 [0m4.017 ms - 969[0m
[0mGET /check/checkUser [32m200 [0m302.959 ms - 5846[0m
[0mGET /check/checkUser [36m304 [0m35.775 ms - -[0m
[0mGET /check/checkUser [36m304 [0m32.749 ms - -[0m
[0mGET /check/checkUser [31m500 [0m32.921 ms - 1006[0m
[0mGET /check/checkUserInfo?id=3 [32m200 [0m20.537 ms - 855[0m
[0mGET /user/login [32m200 [0m5.116 ms - 7434[0m
[ RowDataPacket {
    id: 3,
    name: '胡洁如',
    nickname: '小兰兰',
    sex: 0,
    card: '441423199501125662',
    student_card: '201606114125',
    student_photo: '/upload/files/148661726530026.png',
    card_photo: '/upload/files/148661726530053.png',
    school_city: '广东',
    school: '广州商学院',
    avatar: '/upload/files/148661726530046.png',
    status: 2,
    phone: '13686163835' } ]
[0mPOST /user/login [36m302 [0m94.895 ms - 68[0m
[0mGET /index/index [36m304 [0m5.781 ms - -[0m
[0mGET /index/img/icon/logo.png [33m404 [0m7.902 ms - 969[0m
[0mGET /check/checkUser [36m304 [0m31.187 ms - -[0m
[0mGET /check/checkUserInfo?id=3 [32m200 [0m32.371 ms - 8390[0m
[0mGET /check/checkUserInfo?id=3 [36m304 [0m29.310 ms - -[0m
[0mGET /check/checkUserInfo?id=3 [32m200 [0m35.898 ms - 8423[0m
[0mGET /check/checkUserInfo?id=3 [36m304 [0m32.592 ms - -[0m
[0mGET /check/checkUserInfo?id=3 [36m304 [0m71.193 ms - -[0m
[0mGET /check/checkUserInfo?id=3 [36m304 [0m39.114 ms - -[0m
[0mGET /check/checkUserInfo?id=3 [36m304 [0m36.871 ms - -[0m
[0mGET /check/checkUserInfo?id=3 [36m304 [0m29.952 ms - -[0m
[0mGET /check/checkUserInfo?id=3 [36m304 [0m70.270 ms - -[0m
[0mGET /check/checkUserInfo?id=3 [32m200 [0m32.868 ms - 8464[0m
[0mGET /check/checkUserInfo?id=3 [36m304 [0m72.293 ms - -[0m
[0mGET /check/checkUserInfo?id=3 [36m304 [0m29.229 ms - -[0m
[0mGET /check/checkUserInfo?id=3 [32m200 [0m72.404 ms - 8504[0m
[0mGET /check/checkUserInfo?id=3 [36m304 [0m29.309 ms - -[0m
[0mGET /check/checkUserInfo?id=3 [32m200 [0m82.660 ms - 8680[0m
[0mGET /check/checkUserInfo?id=3 [36m304 [0m28.990 ms - -[0m
[0mGET /check/checkUserInfo?id=3 [36m304 [0m29.899 ms - -[0m
[0mGET /check/checkUserInfo?id=2 [32m200 [0m2.113 ms - 855[0m
[0mGET /user/login [32m200 [0m6.846 ms - 7434[0m
[ RowDataPacket {
    id: 3,
    name: '胡洁如',
    nickname: '小兰兰',
    sex: 0,
    card: '441423199501125662',
    student_card: '201606114125',
    student_photo: '/upload/files/148661726530026.png',
    card_photo: '/upload/files/148661726530053.png',
    school_city: '广东',
    school: '广州商学院',
    avatar: '/upload/files/148661726530046.png',
    status: 2,
    phone: '13686163835' } ]
[0mPOST /user/login [36m302 [0m93.494 ms - 68[0m
[0mGET /index/index [32m200 [0m7.386 ms - 20851[0m
[0mGET /index/img/icon/logo.png [33m404 [0m4.346 ms - 969[0m
[0mGET /css/img/icon/shop_car.png [33m404 [0m3.724 ms - 969[0m
[0mGET /css/img/icon/line.png [33m404 [0m4.368 ms - 969[0m
[0mGET /check/checkUser [36m304 [0m192.350 ms - -[0m
[0mGET /check/checkUserInfo?id=3 [32m200 [0m28.418 ms - 8680[0m
[0mGET /check/checkUserInfo?id=3 [36m304 [0m28.671 ms - -[0m
[0mGET /check/checkUserInfo?id=3 [36m304 [0m31.967 ms - -[0m
[0mGET /check/checkUserInfo?id=3 [36m304 [0m32.695 ms - -[0m
[0mGET /check/checkUserInfo?id=3 [32m200 [0m74.320 ms - 8892[0m
[0mGET /check/checkUserInfo?id=3 [32m200 [0m67.929 ms - 8746[0m
[0mGET /check/checkUserInfo?id=3 [32m200 [0m36.786 ms - 8749[0m
[0mGET /check/checkUserInfo?id=3 [32m200 [0m30.888 ms - 8749[0m
[0mGET /check/checkUserInfo?id=3 [32m200 [0m29.094 ms - 8746[0m
[0mGET /check/checkUserInfo?id=3 [32m200 [0m28.643 ms - 8740[0m
[0mGET /check/checkUserInfo?id=3 [32m200 [0m37.237 ms - 8853[0m
[0mGET / [36m304 [0m5.056 ms - -[0m
[0mGET /img/icon/logo.png [33m404 [0m4.806 ms - 969[0m
[0mGET /check/checkUser [36m304 [0m30.758 ms - -[0m
[0mGET /check/checkUser [36m304 [0m31.087 ms - -[0m
[0mGET /check/checkUser [32m200 [0m2.085 ms - 855[0m
[0mGET /user/login [32m200 [0m4.989 ms - 7434[0m
[ RowDataPacket {
    id: 3,
    name: '胡洁如',
    nickname: '小兰兰',
    sex: 0,
    card: '441423199501125662',
    student_card: '201606114125',
    student_photo: '/upload/files/148661726530026.png',
    card_photo: '/upload/files/148661726530053.png',
    school_city: '广东',
    school: '广州商学院',
    avatar: '/upload/files/148661726530046.png',
    status: 2,
    phone: '13686163835' } ]
[0mPOST /user/login [36m302 [0m57.927 ms - 68[0m
[0mGET /index/index [36m304 [0m4.790 ms - -[0m
[0mGET /index/img/icon/logo.png [33m404 [0m2.603 ms - 969[0m
[0mGET /check/checkUser [32m200 [0m33.004 ms - 4833[0m
[0mGET /check/checkUserInfo?id=3 [36m304 [0m33.541 ms - -[0m
[0mGET /check/checkUserInfo?id=3 [36m304 [0m37.705 ms - -[0m
[0mGET /check/checkUserInfo?id=3 [32m200 [0m68.017 ms - 9065[0m
[0mGET /check/checkUserInfo?id=3 [36m304 [0m33.127 ms - -[0m
[0mGET /check/checkUserInfo?id=3 [36m304 [0m30.874 ms - -[0m
[0mGET /check/checkUser [36m304 [0m72.656 ms - -[0m
[0mGET /check/checkUserInfo?id=2 [32m200 [0m31.342 ms - 9120[0m
[0mGET /check/checkUserInfo?id=3 [32m200 [0m33.513 ms - 9128[0m
[0mGET / [36m304 [0m6.187 ms - -[0m
[0mGET /img/icon/logo.png [33m404 [0m8.599 ms - 969[0m
[0mGET /check/checkCommodity [32m200 [0m3.541 ms - 4804[0m
[0mGET /check/checkCommodityInfo [32m200 [0m3.193 ms - 7673[0m
[0mGET /check/checkUser [36m304 [0m85.989 ms - -[0m
[0mGET /check/checkUserInfo?id=2 [36m304 [0m33.759 ms - -[0m
[0mGET /personCenter/personalCenter [36m304 [0m7.326 ms - -[0m
[0mGET /personCenter/img/icon/logo.png [33m404 [0m3.723 ms - 969[0m
[0mGET /personCenter/img/qunzi.jpg [33m404 [0m3.678 ms - 969[0m
[0mGET /css/images/icon.fw.png [33m404 [0m2.215 ms - 969[0m
[0mGET /personCenter/publish [32m200 [0m7.417 ms - 16422[0m
[0mGET /personCenter/img/icon/logo.png [33m404 [0m2.131 ms - 969[0m
[0mGET /personCenter/myIndent [32m200 [0m6.282 ms - 17145[0m
[0mGET /personCenter/img/icon/logo.png [33m404 [0m1.794 ms - 969[0m
[0mGET /personCenter/img/hongtangjiangshui.jpg [33m404 [0m2.792 ms - 969[0m
[0mGET /personCenter/personalCenter [36m304 [0m6.756 ms - -[0m
[0mGET /personCenter/img/qunzi.jpg [33m404 [0m3.265 ms - 969[0m
[0mGET /personCenter/img/icon/logo.png [33m404 [0m2.371 ms - 969[0m
[0mGET / [36m304 [0m4.523 ms - -[0m
[0mGET /img/icon/logo.png [33m404 [0m2.485 ms - 969[0m
[0mGET /css/img/icon/line.png [33m404 [0m2.870 ms - 969[0m
[0mGET /css/img/icon/shop_car.png [33m404 [0m1.581 ms - 969[0m
[0mGET /favicon.ico [33m404 [0m1.726 ms - 969[0m
[0mGET /user/login [32m200 [0m2.740 ms - 7434[0m
[ RowDataPacket {
    id: 2,
    name: 'huang',
    nickname: 'huang',
    sex: 1,
    card: '440823199411066516',
    student_card: '123456789123',
    student_photo: '/upload/files/148661713797141.jpg',
    card_photo: '/upload/files/148661713797126.jpg',
    school_city: '广东',
    school: '广州商学院',
    avatar: '/upload/files/148661713797170.jpg',
    status: 2,
    phone: '18312168363' } ]
[0mPOST /user/login [36m302 [0m108.815 ms - 68[0m
[0mGET /index/index [32m200 [0m4.950 ms - 20847[0m
[0mGET /index/img/icon/logo.png [33m404 [0m1.678 ms - 969[0m
[0mGET /css/img/icon/line.png [33m404 [0m2.476 ms - 969[0m
[0mGET /css/img/icon/shop_car.png [33m404 [0m6.275 ms - 969[0m
[0mGET / [32m200 [0m24.106 ms - 20869[0m
[0mGET / [36m304 [0m12.005 ms - -[0m
[0mGET /img/icon/logo.png [33m404 [0m12.633 ms - 969[0m
[0mGET /css/img/icon/line.png [33m404 [0m4.135 ms - 969[0m
[0mGET /css/img/icon/shop_car.png [33m404 [0m1.798 ms - 969[0m
[0mGET /user/login [32m200 [0m4.818 ms - 7434[0m
[ RowDataPacket {
    id: 2,
    name: 'huang',
    nickname: 'huang',
    sex: 1,
    card: '440823199411066516',
    student_card: '123456789123',
    student_photo: '/upload/files/148661713797141.jpg',
    card_photo: '/upload/files/148661713797126.jpg',
    school_city: '广东',
    school: '广州商学院',
    avatar: '/upload/files/148661713797170.jpg',
    status: 2,
    phone: '18312168363' } ]
[0mPOST /user/login [36m302 [0m195.113 ms - 68[0m
[0mGET /index/index [36m304 [0m7.047 ms - -[0m
[0mGET /index/img/icon/logo.png [33m404 [0m3.434 ms - 969[0m
[0mGET /css/img/icon/line.png [33m404 [0m3.848 ms - 969[0m
[0mGET /css/img/icon/shop_car.png [33m404 [0m4.057 ms - 969[0m
[0mGET /index/index [36m304 [0m26.357 ms - -[0m
[0mGET /index/img/icon/logo.png [33m404 [0m17.222 ms - 969[0m
[0mGET /css/img/icon/line.png [33m404 [0m3.126 ms - 969[0m
[0mGET /css/img/icon/shop_car.png [33m404 [0m3.261 ms - 969[0m
[0mGET /index/index [36m304 [0m8.256 ms - -[0m
[0mGET /index/img/icon/logo.png [33m404 [0m5.776 ms - 969[0m
[0mGET /css/img/icon/line.png [33m404 [0m4.531 ms - 969[0m
[0mGET /css/img/icon/shop_car.png [33m404 [0m3.139 ms - 969[0m
[0mGET /personCenter/personalCenter [32m200 [0m7.717 ms - 16557[0m
[0mGET /personCenter/img/icon/logo.png [33m404 [0m5.388 ms - 969[0m
[0mGET /personCenter/img/qunzi.jpg [33m404 [0m8.987 ms - 969[0m
[0mGET /css/img/icon/line.png [33m404 [0m5.920 ms - 969[0m
[0mGET /css/img/icon/shop_car.png [33m404 [0m5.677 ms - 969[0m
[0mGET /css/images/icon.fw.png [33m404 [0m6.706 ms - 969[0m
[0mGET /personCenter/publish [32m200 [0m6.787 ms - 16418[0m
[0mGET /personCenter/img/icon/logo.png [33m404 [0m7.644 ms - 969[0m
[0mGET /css/img/icon/line.png [33m404 [0m5.548 ms - 969[0m
[0mGET /css/img/icon/shop_car.png [33m404 [0m5.781 ms - 969[0m
[0mGET /css/images/icon.fw.png [33m404 [0m3.918 ms - 969[0m
[0mGET /commodity/commodityInfo [33m404 [0m5.399 ms - 969[0m
[0mGET /commodity/addCommodity [32m200 [0m130.046 ms - 913[0m
[0mGET /personCenter/personalCenter [36m304 [0m17.401 ms - -[0m
[0mGET /personCenter/img/icon/logo.png [33m404 [0m4.553 ms - 969[0m
[0mGET /personCenter/img/qunzi.jpg [33m404 [0m3.921 ms - 969[0m
[0mGET /css/img/icon/line.png [33m404 [0m6.812 ms - 969[0m
[0mGET /css/img/icon/shop_car.png [33m404 [0m14.739 ms - 969[0m
[0mGET /css/images/icon.fw.png [33m404 [0m3.391 ms - 969[0m
[0mGET /check/checkUser [32m200 [0m34.607 ms - 4833[0m
[0mGET /check/checkUserInfo?id=2 [32m200 [0m35.890 ms - 9120[0m
[0mGET /check/checkUserInfo?result=1&season=0 [32m200 [0m31.335 ms - 880[0m
[0mGET /check/checkUser [36m304 [0m35.052 ms - -[0m
[0mGET /check/checkUserInfo?id=3 [32m200 [0m35.315 ms - 9128[0m
[0mGET /check/checkUserInfo?result=1&season=0 [36m304 [0m35.391 ms - -[0m
[0mGET /check/checkUser [36m304 [0m30.703 ms - -[0m
[0mGET /check/checkUserInfo?id=2 [36m304 [0m37.665 ms - -[0m
[0mGET /check/checkUserInfo?result=1&season=0 [36m304 [0m34.010 ms - -[0m
[0mGET /check/checkUser [36m304 [0m32.618 ms - -[0m
[0mGET /check/checkUserInfo?id=2 [36m304 [0m77.114 ms - -[0m
[0mGET /check/checkUserInfo?result=1&season=0 [36m304 [0m29.688 ms - -[0m
[0mGET /check/checkUser [36m304 [0m30.057 ms - -[0m
[0mGET /check/checkUserInfo?id=2 [36m304 [0m33.600 ms - -[0m
[0mGET /check/checkUserInfo?result=1&season=0 [36m304 [0m29.209 ms - -[0m
[0mGET /check/checkUser [36m304 [0m29.755 ms - -[0m
[0mGET /check/checkUserInfo?id=2 [36m304 [0m30.631 ms - -[0m
[0mGET /check/checkUserInfo?id=2 [36m304 [0m31.098 ms - -[0m
[0mGET /check/checkUserInfo?result=1&season=0 [36m304 [0m29.001 ms - -[0m
[0mGET /check/checkUser [36m304 [0m30.019 ms - -[0m
[0mGET /user/login [36m304 [0m21.894 ms - -[0m
[0mGET /favicon.ico [33m404 [0m14.712 ms - 969[0m
[0mGET /user/login [36m304 [0m5.274 ms - -[0m
[0mGET /favicon.ico [33m404 [0m3.372 ms - 969[0m
[0mGET / [36m304 [0m22.601 ms - -[0m
[0mGET /css/img/icon/line.png [33m404 [0m15.128 ms - 969[0m
[0mGET /css/img/icon/shop_car.png [33m404 [0m2.713 ms - 969[0m
[0mGET /user/login [32m200 [0m4.986 ms - 7434[0m
[ RowDataPacket {
    id: 2,
    name: 'huang',
    nickname: 'huang',
    sex: 1,
    card: '440823199411066516',
    student_card: '123456789123',
    student_photo: '/upload/files/148661713797141.jpg',
    card_photo: '/upload/files/148661713797126.jpg',
    school_city: '广东',
    school: '广州商学院',
    avatar: '/upload/files/148661713797170.jpg',
    status: 2,
    phone: '18312168363' } ]
[0mPOST /user/login [36m302 [0m156.184 ms - 68[0m
[0mGET /index/index [36m304 [0m7.620 ms - -[0m
[0mGET /index/img/icon/logo.png [33m404 [0m3.053 ms - 969[0m
[0mGET /user/login [36m304 [0m5.937 ms - -[0m
[ RowDataPacket {
    id: 3,
    name: '胡洁如',
    nickname: '小兰兰',
    sex: 0,
    card: '441423199501125662',
    student_card: '201606114125',
    student_photo: '/upload/files/148661726530026.png',
    card_photo: '/upload/files/148661726530053.png',
    school_city: '广东',
    school: '广州商学院',
    avatar: '/upload/files/148661726530046.png',
    status: 2,
    phone: '13686163835' } ]
[0mPOST /user/login [36m302 [0m61.439 ms - 68[0m
[0mGET /index/index [36m304 [0m6.960 ms - -[0m
[0mGET /index/img/icon/logo.png [33m404 [0m3.097 ms - 969[0m
[0mGET /css/img/icon/line.png [33m404 [0m2.633 ms - 969[0m
[0mGET /css/img/icon/shop_car.png [33m404 [0m6.945 ms - 969[0m
[0mGET /check/checkUser [36m304 [0m35.572 ms - -[0m
[0mGET /check/checkUserInfo?id=2 [32m200 [0m33.811 ms - 9864[0m
[0mGET /check/checkUserInfo?id=2 [32m200 [0m37.177 ms - 9888[0m
[0mGET /check/checkUserInfo?id=3 [32m200 [0m34.027 ms - 9896[0m
[0mGET /check/checkUserInfo?id=3 [32m200 [0m30.719 ms - 9879[0m
[0mGET /check/checkUserInfo?id=3 [32m200 [0m32.896 ms - 9900[0m
[0mGET /check/checkUserInfo?id=3 [32m200 [0m48.042 ms - 9928[0m
[0mGET /check/checkUserInfo?id=3 [32m200 [0m34.759 ms - 9982[0m
[0mGET /check/checkUserInfo?id=3 [32m200 [0m72.351 ms - 10024[0m
[0mGET /check/checkUserInfo?id=3 [32m200 [0m31.678 ms - 10026[0m
[0mGET /check/checkUserInfo?id=3 [32m200 [0m66.360 ms - 10011[0m
[0mGET /check/checkUserInfo?id=3 [32m200 [0m30.786 ms - 9901[0m
[0mGET / [36m304 [0m5.739 ms - -[0m
[0mGET /check/checkUser [36m304 [0m73.414 ms - -[0m
[0mGET /check/checkUserInfo?id=2 [32m200 [0m30.233 ms - 9875[0m
[0mGET /check/checkUserInfo?id=3 [32m200 [0m33.041 ms - 9883[0m
[0mGET / [36m304 [0m5.655 ms - -[0m
[0mGET / [36m304 [0m7.558 ms - -[0m
[0mGET /check/checkUser [36m304 [0m31.264 ms - -[0m
[0mGET /check/checkUserInfo?id=3 [32m200 [0m30.474 ms - 9910[0m
[0mGET /check/checkUserInfo?id=3 [36m304 [0m71.247 ms - -[0m
[0mGET / [36m304 [0m4.154 ms - -[0m
[0mGET / [36m304 [0m5.802 ms - -[0m
[0mGET /check/checkUser [36m304 [0m67.799 ms - -[0m
[0mGET /check/checkUserInfo?id=2 [32m200 [0m32.543 ms - 9902[0m
[0mGET /check/checkUserInfo?id=3 [36m304 [0m28.907 ms - -[0m
[0mGET /user/login [36m304 [0m21.242 ms - -[0m
[0mGET /user/login [32m200 [0m6.900 ms - 7396[0m
[0mPOST /user/login [36m302 [0m156.283 ms - 68[0m
[0mGET /index/index [32m200 [0m6.992 ms - 20999[0m
[0mGET /index/img/icon/logo.png [33m404 [0m10.940 ms - 969[0m
[0mGET /css/img/icon/line.png [33m404 [0m3.686 ms - 969[0m
[0mGET /css/img/icon/shop_car.png [33m404 [0m3.040 ms - 969[0m
[0mGET /user/login [32m200 [0m4.991 ms - 7396[0m
[0mGET /favicon.ico [33m404 [0m2.789 ms - 969[0m
[0mGET /favicon.ico [33m404 [0m1.881 ms - 969[0m
[0mPOST /user/login [36m302 [0m91.861 ms - 68[0m
[0mGET /index/index [32m200 [0m7.613 ms - 21003[0m
[0mGET /index/img/icon/logo.png [33m404 [0m5.536 ms - 969[0m
[0mGET /css/img/icon/line.png [33m404 [0m3.978 ms - 969[0m
[0mGET /css/img/icon/shop_car.png [33m404 [0m5.039 ms - 969[0m
[0mGET /index/index [32m200 [0m8.930 ms - 21458[0m
[0mGET /index/img/icon/logo.png [33m404 [0m5.728 ms - 969[0m
[0mGET /css/img/icon/shop_car.png [33m404 [0m2.776 ms - 969[0m
[0mGET /css/img/icon/line.png [33m404 [0m6.872 ms - 969[0m
[0mGET /index/index [32m200 [0m7.704 ms - 21706[0m
[0mGET /index/img/icon/logo.png [33m404 [0m3.069 ms - 969[0m
[0mGET /css/img/icon/shop_car.png [33m404 [0m2.656 ms - 969[0m
[0mGET /css/img/icon/line.png [33m404 [0m3.955 ms - 969[0m
{ Error: ER_PARSE_ERROR: You have an error in your SQL syntax; check the manual that corresponds to your MySQL server version for the right syntax to use near '?' at line 1
    at Query.Sequence._packetToError (/home/weicai/node_modules/mysql/lib/protocol/sequences/Sequence.js:52:14)
    at Query.ErrorPacket (/home/weicai/node_modules/mysql/lib/protocol/sequences/Query.js:83:18)
    at Protocol._parsePacket (/home/weicai/node_modules/mysql/lib/protocol/Protocol.js:280:23)
    at Parser.write (/home/weicai/node_modules/mysql/lib/protocol/Parser.js:74:12)
    at Protocol.write (/home/weicai/node_modules/mysql/lib/protocol/Protocol.js:39:16)
    at Socket.<anonymous> (/home/weicai/node_modules/mysql/lib/Connection.js:109:28)
    at emitOne (events.js:96:13)
    at Socket.emit (events.js:188:7)
    at readableAddChunk (_stream_readable.js:176:18)
    at Socket.Readable.push (_stream_readable.js:134:10)
    --------------------
    at Protocol._enqueue (/home/weicai/node_modules/mysql/lib/protocol/Protocol.js:141:48)
    at PoolConnection.query (/home/weicai/node_modules/mysql/lib/Connection.js:214:25)
    at pool.getConnection (/home/weicai/vendor/model.js:20:26)
    at Handshake.onConnect [as _callback] (/home/weicai/node_modules/mysql/lib/Pool.js:63:7)
    at Handshake.Sequence.end (/home/weicai/node_modules/mysql/lib/protocol/sequences/Sequence.js:86:24)
    at Handshake.Sequence.OkPacket (/home/weicai/node_modules/mysql/lib/protocol/sequences/Sequence.js:95:8)
    at Protocol._parsePacket (/home/weicai/node_modules/mysql/lib/protocol/Protocol.js:280:23)
    at Parser.write (/home/weicai/node_modules/mysql/lib/protocol/Parser.js:74:12)
    at Protocol.write (/home/weicai/node_modules/mysql/lib/protocol/Protocol.js:39:16)
    at Socket.<anonymous> (/home/weicai/node_modules/mysql/lib/Connection.js:109:28)
  code: 'ER_PARSE_ERROR',
  errno: 1064,
  sqlState: '42000',
  index: 0 }
[0mGET /commodity/commoditySpecific [32m200 [0m78.656 ms - 15828[0m
[0mGET /commodity/img/hongtangjiangshui.jpg [33m404 [0m2.413 ms - 969[0m
[0mGET /commodity/img/icon/logo.png [33m404 [0m3.250 ms - 969[0m
[0mGET /css/img/icon/shop_car.png [33m404 [0m5.849 ms - 969[0m
[0mGET /css/img/icon/line.png [33m404 [0m1.620 ms - 969[0m
[0mGET /css/images/icon.fw.png [33m404 [0m2.066 ms - 969[0m
[0mGET /personCenter/publish [32m200 [0m35.161 ms - 17021[0m
[0mGET /personCenter/img/icon/logo.png [33m404 [0m2.494 ms - 969[0m
[0mGET /css/img/icon/shop_car.png [33m404 [0m2.017 ms - 969[0m
[0mGET /css/img/icon/line.png [33m404 [0m4.992 ms - 969[0m
[0mGET /css/images/icon.fw.png [33m404 [0m4.791 ms - 969[0m
[0mGET / [32m200 [0m37.840 ms - 28745[0m
[0mGET /css/img/icon/shop_car.png [33m404 [0m2.039 ms - 969[0m
[0mGET /css/img/icon/line.png [33m404 [0m2.819 ms - 969[0m
[0mGET / [32m200 [0m79.560 ms - 28745[0m
[0mGET /css/img/icon/line.png [33m404 [0m1.791 ms - 969[0m
[0mGET /css/img/icon/shop_car.png [33m404 [0m1.933 ms - 969[0m
[0mGET / [32m200 [0m80.998 ms - 33583[0m
[0mGET /css/img/icon/line.png [33m404 [0m3.593 ms - 969[0m
[0mGET /css/img/icon/shop_car.png [33m404 [0m7.412 ms - 969[0m
[0mGET / [32m200 [0m41.741 ms - 25823[0m
[0mGET /css/img/icon/line.png [33m404 [0m2.595 ms - 969[0m
[0mGET /css/img/icon/shop_car.png [33m404 [0m2.290 ms - 969[0m
[0mGET / [36m304 [0m33.108 ms - -[0m
[0mGET /css/img/icon/line.png [33m404 [0m2.121 ms - 969[0m
[0mGET /css/img/icon/shop_car.png [33m404 [0m1.970 ms - 969[0m
[0mGET /personCenter/publish [31m500 [0m41.614 ms - 1006[0m
[0mGET /css/img/icon/shop_car.png [33m404 [0m3.964 ms - 969[0m
[0mGET /css/img/icon/line.png [33m404 [0m3.910 ms - 969[0m
[0mGET /personCenter/personalCenter [31m500 [0m4.629 ms - 1006[0m
[0mGET /css/img/icon/shop_car.png [33m404 [0m2.164 ms - 969[0m
[0mGET /css/img/icon/line.png [33m404 [0m2.817 ms - 969[0m
[0mGET /check/checkUser [32m200 [0m30.869 ms - 4648[0m
[0mGET /check/lookCheckUserResult [32m200 [0m32.426 ms - 4655[0m
[0mGET / [36m304 [0m34.691 ms - -[0m
[0mGET /css/img/icon/line.png [33m404 [0m4.267 ms - 969[0m
[0mGET /css/img/icon/shop_car.png [33m404 [0m1.869 ms - 969[0m
[0mGET /personCenter/publish [31m500 [0m30.762 ms - 1006[0m
[0mGET /css/img/icon/line.png [33m404 [0m1.816 ms - 969[0m
[0mGET /css/img/icon/shop_car.png [33m404 [0m5.946 ms - 969[0m
[0mGET /personCenter/myIndent [31m500 [0m9.488 ms - 1006[0m
[0mGET /css/img/icon/shop_car.png [33m404 [0m3.616 ms - 969[0m
[0mGET /css/img/icon/line.png [33m404 [0m3.564 ms - 969[0m
[0mGET /check/checkUser [36m304 [0m69.449 ms - -[0m
[0mGET /check/lookCheckUserResult [36m304 [0m30.668 ms - -[0m
[0mGET / [36m304 [0m33.167 ms - -[0m
[0mGET /css/img/icon/line.png [33m404 [0m2.023 ms - 969[0m
[0mGET /css/img/icon/shop_car.png [33m404 [0m1.978 ms - 969[0m
[0mGET /personCenter/publish [32m200 [0m38.960 ms - 6657[0m
[0mGET /css/images/icon.fw.png [33m404 [0m3.731 ms - 969[0m
[0mGET /personCenter/publish [32m200 [0m65.360 ms - 6619[0m
[0mGET /upload/files/148672041304919.jpg [33m404 [0m2.707 ms - 969[0m
[0mGET /css/images/icon.fw.png [33m404 [0m1.909 ms - 969[0m
[0mGET /personCenter/publish [31m500 [0m29.118 ms - 1006[0m
[0mGET /personCenter/publish [32m200 [0m30.370 ms - 6616[0m
[0mGET /upload/files/148672041304919.jpg [33m404 [0m2.953 ms - 969[0m
[0mGET /css/images/icon.fw.png [33m404 [0m3.061 ms - 969[0m
[0mGET /personCenter/publish [32m200 [0m65.065 ms - 6175[0m
[0mGET /upload/files/148672041304919.jpg [33m404 [0m2.966 ms - 969[0m
[0mGET /css/images/icon.fw.png [33m404 [0m5.320 ms - 969[0m
[0mGET /commodity/addCommodity [32m200 [0m101.396 ms - 13367[0m
[0mGET /css/img/loading.gif [33m404 [0m2.934 ms - 969[0m
[0mPOST /commodity/addCommodity [32m200 [0m1493.747 ms - 892[0m
{ Error: ER_PARSE_ERROR: You have an error in your SQL syntax; check the manual that corresponds to your MySQL server version for the right syntax to use near '?' at line 1
    at Query.Sequence._packetToError (/home/weicai/node_modules/mysql/lib/protocol/sequences/Sequence.js:52:14)
    at Query.ErrorPacket (/home/weicai/node_modules/mysql/lib/protocol/sequences/Query.js:83:18)
    at Protocol._parsePacket (/home/weicai/node_modules/mysql/lib/protocol/Protocol.js:280:23)
    at Parser.write (/home/weicai/node_modules/mysql/lib/protocol/Parser.js:74:12)
    at Protocol.write (/home/weicai/node_modules/mysql/lib/protocol/Protocol.js:39:16)
    at Socket.<anonymous> (/home/weicai/node_modules/mysql/lib/Connection.js:109:28)
    at emitOne (events.js:96:13)
    at Socket.emit (events.js:188:7)
    at readableAddChunk (_stream_readable.js:176:18)
    at Socket.Readable.push (_stream_readable.js:134:10)
    --------------------
    at Protocol._enqueue (/home/weicai/node_modules/mysql/lib/protocol/Protocol.js:141:48)
    at PoolConnection.query (/home/weicai/node_modules/mysql/lib/Connection.js:214:25)
    at pool.getConnection (/home/weicai/vendor/model.js:20:26)
    at Ping.onOperationComplete [as _callback] (/home/weicai/node_modules/mysql/lib/Pool.js:108:5)
    at Ping.Sequence.end (/home/weicai/node_modules/mysql/lib/protocol/sequences/Sequence.js:86:24)
    at Ping.Sequence.OkPacket (/home/weicai/node_modules/mysql/lib/protocol/sequences/Sequence.js:95:8)
    at Protocol._parsePacket (/home/weicai/node_modules/mysql/lib/protocol/Protocol.js:280:23)
    at Parser.write (/home/weicai/node_modules/mysql/lib/protocol/Parser.js:74:12)
    at Protocol.write (/home/weicai/node_modules/mysql/lib/protocol/Protocol.js:39:16)
    at Socket.<anonymous> (/home/weicai/node_modules/mysql/lib/Connection.js:109:28)
  code: 'ER_PARSE_ERROR',
  errno: 1064,
  sqlState: '42000',
  index: 0 }
[0mGET /commodity/commoditySpecific [31m500 [0m29.494 ms - 1006[0m
{ Error: ER_PARSE_ERROR: You have an error in your SQL syntax; check the manual that corresponds to your MySQL server version for the right syntax to use near '?' at line 1
    at Query.Sequence._packetToError (/home/weicai/node_modules/mysql/lib/protocol/sequences/Sequence.js:52:14)
    at Query.ErrorPacket (/home/weicai/node_modules/mysql/lib/protocol/sequences/Query.js:83:18)
    at Protocol._parsePacket (/home/weicai/node_modules/mysql/lib/protocol/Protocol.js:280:23)
    at Parser.write (/home/weicai/node_modules/mysql/lib/protocol/Parser.js:74:12)
    at Protocol.write (/home/weicai/node_modules/mysql/lib/protocol/Protocol.js:39:16)
    at Socket.<anonymous> (/home/weicai/node_modules/mysql/lib/Connection.js:109:28)
    at emitOne (events.js:96:13)
    at Socket.emit (events.js:188:7)
    at readableAddChunk (_stream_readable.js:176:18)
    at Socket.Readable.push (_stream_readable.js:134:10)
    --------------------
    at Protocol._enqueue (/home/weicai/node_modules/mysql/lib/protocol/Protocol.js:141:48)
    at PoolConnection.query (/home/weicai/node_modules/mysql/lib/Connection.js:214:25)
    at pool.getConnection (/home/weicai/vendor/model.js:20:26)
    at Ping.onOperationComplete [as _callback] (/home/weicai/node_modules/mysql/lib/Pool.js:108:5)
    at Ping.Sequence.end (/home/weicai/node_modules/mysql/lib/protocol/sequences/Sequence.js:86:24)
    at Ping.Sequence.OkPacket (/home/weicai/node_modules/mysql/lib/protocol/sequences/Sequence.js:95:8)
    at Protocol._parsePacket (/home/weicai/node_modules/mysql/lib/protocol/Protocol.js:280:23)
    at Parser.write (/home/weicai/node_modules/mysql/lib/protocol/Parser.js:74:12)
    at Protocol.write (/home/weicai/node_modules/mysql/lib/protocol/Protocol.js:39:16)
    at Socket.<anonymous> (/home/weicai/node_modules/mysql/lib/Connection.js:109:28)
  code: 'ER_PARSE_ERROR',
  errno: 1064,
  sqlState: '42000',
  index: 0 }
[0mGET /commodity/commoditySpecific [31m500 [0m30.207 ms - 1006[0m
[0mGET /commodity/addCommodity [32m200 [0m102.220 ms - 13367[0m
[0mGET /upload/files/148672041304919.jpg [33m404 [0m1.805 ms - 969[0m
[0mGET /css/images/icon.fw.png [33m404 [0m1.739 ms - 969[0m
[0mGET /personCenter/publish [32m200 [0m28.675 ms - 7211[0m
[0mGET /upload/files/148672041304919.jpg [33m404 [0m2.021 ms - 969[0m
[0mGET /upload/files/148678149479258.jpg [33m404 [0m1.515 ms - 969[0m
[0mGET /css/images/icon.fw.png [33m404 [0m2.787 ms - 969[0m
[0mGET /commodity/addCommodity [36m304 [0m104.170 ms - -[0m
[0mGET /css/img/loading.gif [33m404 [0m4.069 ms - 969[0m
[0mPOST /commodity/addCommodity [32m200 [0m914.773 ms - 892[0m
{ Error: ER_PARSE_ERROR: You have an error in your SQL syntax; check the manual that corresponds to your MySQL server version for the right syntax to use near '?' at line 1
    at Query.Sequence._packetToError (/home/weicai/node_modules/mysql/lib/protocol/sequences/Sequence.js:52:14)
    at Query.ErrorPacket (/home/weicai/node_modules/mysql/lib/protocol/sequences/Query.js:83:18)
    at Protocol._parsePacket (/home/weicai/node_modules/mysql/lib/protocol/Protocol.js:280:23)
    at Parser.write (/home/weicai/node_modules/mysql/lib/protocol/Parser.js:74:12)
    at Protocol.write (/home/weicai/node_modules/mysql/lib/protocol/Protocol.js:39:16)
    at Socket.<anonymous> (/home/weicai/node_modules/mysql/lib/Connection.js:109:28)
    at emitOne (events.js:96:13)
    at Socket.emit (events.js:188:7)
    at readableAddChunk (_stream_readable.js:176:18)
    at Socket.Readable.push (_stream_readable.js:134:10)
    --------------------
    at Protocol._enqueue (/home/weicai/node_modules/mysql/lib/protocol/Protocol.js:141:48)
    at PoolConnection.query (/home/weicai/node_modules/mysql/lib/Connection.js:214:25)
    at pool.getConnection (/home/weicai/vendor/model.js:20:26)
    at Ping.onOperationComplete [as _callback] (/home/weicai/node_modules/mysql/lib/Pool.js:108:5)
    at Ping.Sequence.end (/home/weicai/node_modules/mysql/lib/protocol/sequences/Sequence.js:86:24)
    at Ping.Sequence.OkPacket (/home/weicai/node_modules/mysql/lib/protocol/sequences/Sequence.js:95:8)
    at Protocol._parsePacket (/home/weicai/node_modules/mysql/lib/protocol/Protocol.js:280:23)
    at Parser.write (/home/weicai/node_modules/mysql/lib/protocol/Parser.js:74:12)
    at Protocol.write (/home/weicai/node_modules/mysql/lib/protocol/Protocol.js:39:16)
    at Socket.<anonymous> (/home/weicai/node_modules/mysql/lib/Connection.js:109:28)
  code: 'ER_PARSE_ERROR',
  errno: 1064,
  sqlState: '42000',
  index: 0 }
[0mGET /commodity/commoditySpecific [31m500 [0m37.549 ms - 1006[0m
[0mGET /commodity/addCommodity [32m200 [0m103.715 ms - 13367[0m
[0mGET /css/img/loading.gif [33m404 [0m2.056 ms - 969[0m
[0mPOST /commodity/addCommodity [32m200 [0m1735.483 ms - 892[0m
[0mGET /commodity/addCommodity [32m200 [0m109.677 ms - 13367[0m
[0mGET /css/img/loading.gif [33m404 [0m6.111 ms - 969[0m
[0mPOST /commodity/addCommodity [32m200 [0m963.204 ms - 892[0m
[0mGET /commodity/addCommodity [32m200 [0m110.959 ms - 13367[0m
[0mGET /css/img/loading.gif [33m404 [0m6.022 ms - 969[0m
[0mPOST /commodity/addCommodity [32m200 [0m888.661 ms - 892[0m
[0mGET / [36m304 [0m31.472 ms - -[0m
[0mGET /css/img/icon/line.png [33m404 [0m2.553 ms - 969[0m
[0mGET /css/img/icon/shop_car.png [33m404 [0m3.041 ms - 969[0m
[0mGET /personCenter/publish [32m200 [0m28.709 ms - 11303[0m
[0mGET /upload/files/148678149479258.jpg [33m404 [0m5.720 ms - 969[0m
[0mGET /upload/files/148672041304919.jpg [33m404 [0m2.649 ms - 969[0m
[0mGET /upload/files/148678165927735.jpg [33m404 [0m2.613 ms - 969[0m
[0mGET /upload/files/148678159887773.jpg [33m404 [0m3.340 ms - 969[0m
[0mGET /upload/files/148678168000784.jpg [33m404 [0m3.515 ms - 969[0m
[0mGET /upload/files/148678170700295.jpg [33m404 [0m2.049 ms - 969[0m
[0mGET /css/images/icon.fw.png [33m404 [0m2.962 ms - 969[0m
[0mGET /commodity/commodityInfo?id=13 [33m404 [0m3.006 ms - 969[0m
[0mGET /upload/files/148672041304919.jpg [33m404 [0m1.757 ms - 969[0m
[0mGET /upload/files/148678149479258.jpg [33m404 [0m1.547 ms - 969[0m
[0mGET /upload/files/148678168000784.jpg [33m404 [0m2.243 ms - 969[0m
[0mGET /upload/files/148678170700295.jpg [33m404 [0m2.361 ms - 969[0m
[0mGET /upload/files/148678165927735.jpg [33m404 [0m9.419 ms - 969[0m
[0mGET /upload/files/148678159887773.jpg [33m404 [0m8.853 ms - 969[0m
[0mGET /css/images/icon.fw.png [33m404 [0m1.723 ms - 969[0m
[0mGET / [36m304 [0m70.485 ms - -[0m
[0mGET /css/img/icon/line.png [33m404 [0m1.792 ms - 969[0m
[0mGET /css/img/icon/shop_car.png [33m404 [0m4.713 ms - 969[0m
{ Error: ER_PARSE_ERROR: You have an error in your SQL syntax; check the manual that corresponds to your MySQL server version for the right syntax to use near '?' at line 1
    at Query.Sequence._packetToError (/home/weicai/node_modules/mysql/lib/protocol/sequences/Sequence.js:52:14)
    at Query.ErrorPacket (/home/weicai/node_modules/mysql/lib/protocol/sequences/Query.js:83:18)
    at Protocol._parsePacket (/home/weicai/node_modules/mysql/lib/protocol/Protocol.js:280:23)
    at Parser.write (/home/weicai/node_modules/mysql/lib/protocol/Parser.js:74:12)
    at Protocol.write (/home/weicai/node_modules/mysql/lib/protocol/Protocol.js:39:16)
    at Socket.<anonymous> (/home/weicai/node_modules/mysql/lib/Connection.js:109:28)
    at emitOne (events.js:96:13)
    at Socket.emit (events.js:188:7)
    at readableAddChunk (_stream_readable.js:176:18)
    at Socket.Readable.push (_stream_readable.js:134:10)
    at TCP.onread (net.js:551:20)
    --------------------
    at Protocol._enqueue (/home/weicai/node_modules/mysql/lib/protocol/Protocol.js:141:48)
    at PoolConnection.query (/home/weicai/node_modules/mysql/lib/Connection.js:214:25)
    at pool.getConnection (/home/weicai/vendor/model.js:20:26)
    at Ping.onOperationComplete [as _callback] (/home/weicai/node_modules/mysql/lib/Pool.js:108:5)
    at Ping.Sequence.end (/home/weicai/node_modules/mysql/lib/protocol/sequences/Sequence.js:86:24)
    at Ping.Sequence.OkPacket (/home/weicai/node_modules/mysql/lib/protocol/sequences/Sequence.js:95:8)
    at Protocol._parsePacket (/home/weicai/node_modules/mysql/lib/protocol/Protocol.js:280:23)
    at Parser.write (/home/weicai/node_modules/mysql/lib/protocol/Parser.js:74:12)
    at Protocol.write (/home/weicai/node_modules/mysql/lib/protocol/Protocol.js:39:16)
    at Socket.<anonymous> (/home/weicai/node_modules/mysql/lib/Connection.js:109:28)
  code: 'ER_PARSE_ERROR',
  errno: 1064,
  sqlState: '42000',
  index: 0 }
[0mGET /commodity/commoditySpecific [31m500 [0m30.221 ms - 1006[0m
[0mGET /css/img/icon/line.png [33m404 [0m14.982 ms - 969[0m
[0mGET /css/img/icon/shop_car.png [33m404 [0m2.232 ms - 969[0m
{ Error: ER_PARSE_ERROR: You have an error in your SQL syntax; check the manual that corresponds to your MySQL server version for the right syntax to use near '?' at line 1
    at Query.Sequence._packetToError (/home/weicai/node_modules/mysql/lib/protocol/sequences/Sequence.js:52:14)
    at Query.ErrorPacket (/home/weicai/node_modules/mysql/lib/protocol/sequences/Query.js:83:18)
    at Protocol._parsePacket (/home/weicai/node_modules/mysql/lib/protocol/Protocol.js:280:23)
    at Parser.write (/home/weicai/node_modules/mysql/lib/protocol/Parser.js:74:12)
    at Protocol.write (/home/weicai/node_modules/mysql/lib/protocol/Protocol.js:39:16)
    at Socket.<anonymous> (/home/weicai/node_modules/mysql/lib/Connection.js:109:28)
    at emitOne (events.js:96:13)
    at Socket.emit (events.js:188:7)
    at readableAddChunk (_stream_readable.js:176:18)
    at Socket.Readable.push (_stream_readable.js:134:10)
    at TCP.onread (net.js:551:20)
    --------------------
    at Protocol._enqueue (/home/weicai/node_modules/mysql/lib/protocol/Protocol.js:141:48)
    at PoolConnection.query (/home/weicai/node_modules/mysql/lib/Connection.js:214:25)
    at pool.getConnection (/home/weicai/vendor/model.js:20:26)
    at Ping.onOperationComplete [as _callback] (/home/weicai/node_modules/mysql/lib/Pool.js:108:5)
    at Ping.Sequence.end (/home/weicai/node_modules/mysql/lib/protocol/sequences/Sequence.js:86:24)
    at Ping.Sequence.OkPacket (/home/weicai/node_modules/mysql/lib/protocol/sequences/Sequence.js:95:8)
    at Protocol._parsePacket (/home/weicai/node_modules/mysql/lib/protocol/Protocol.js:280:23)
    at Parser.write (/home/weicai/node_modules/mysql/lib/protocol/Parser.js:74:12)
    at Protocol.write (/home/weicai/node_modules/mysql/lib/protocol/Protocol.js:39:16)
    at Socket.<anonymous> (/home/weicai/node_modules/mysql/lib/Connection.js:109:28)
  code: 'ER_PARSE_ERROR',
  errno: 1064,
  sqlState: '42000',
  index: 0 }
[0mGET /commodity/commoditySpecific [31m500 [0m41.294 ms - 1006[0m
[0mGET /css/img/icon/line.png [33m404 [0m7.788 ms - 969[0m
[0mGET /css/img/icon/shop_car.png [33m404 [0m7.486 ms - 969[0m
{ Error: ER_PARSE_ERROR: You have an error in your SQL syntax; check the manual that corresponds to your MySQL server version for the right syntax to use near '?' at line 1
    at Query.Sequence._packetToError (/home/weicai/node_modules/mysql/lib/protocol/sequences/Sequence.js:52:14)
    at Query.ErrorPacket (/home/weicai/node_modules/mysql/lib/protocol/sequences/Query.js:83:18)
    at Protocol._parsePacket (/home/weicai/node_modules/mysql/lib/protocol/Protocol.js:280:23)
    at Parser.write (/home/weicai/node_modules/mysql/lib/protocol/Parser.js:74:12)
    at Protocol.write (/home/weicai/node_modules/mysql/lib/protocol/Protocol.js:39:16)
    at Socket.<anonymous> (/home/weicai/node_modules/mysql/lib/Connection.js:109:28)
    at emitOne (events.js:96:13)
    at Socket.emit (events.js:188:7)
    at readableAddChunk (_stream_readable.js:176:18)
    at Socket.Readable.push (_stream_readable.js:134:10)
    --------------------
    at Protocol._enqueue (/home/weicai/node_modules/mysql/lib/protocol/Protocol.js:141:48)
    at PoolConnection.query (/home/weicai/node_modules/mysql/lib/Connection.js:214:25)
    at pool.getConnection (/home/weicai/vendor/model.js:20:26)
    at Ping.onOperationComplete [as _callback] (/home/weicai/node_modules/mysql/lib/Pool.js:108:5)
    at Ping.Sequence.end (/home/weicai/node_modules/mysql/lib/protocol/sequences/Sequence.js:86:24)
    at Ping.Sequence.OkPacket (/home/weicai/node_modules/mysql/lib/protocol/sequences/Sequence.js:95:8)
    at Protocol._parsePacket (/home/weicai/node_modules/mysql/lib/protocol/Protocol.js:280:23)
    at Parser.write (/home/weicai/node_modules/mysql/lib/protocol/Parser.js:74:12)
    at Protocol.write (/home/weicai/node_modules/mysql/lib/protocol/Protocol.js:39:16)
    at Socket.<anonymous> (/home/weicai/node_modules/mysql/lib/Connection.js:109:28)
  code: 'ER_PARSE_ERROR',
  errno: 1064,
  sqlState: '42000',
  index: 0 }
[0mGET /commodity/commoditySpecific [31m500 [0m62.644 ms - 1006[0m
[0mGET /css/img/icon/line.png [33m404 [0m7.192 ms - 969[0m
[0mGET /css/img/icon/shop_car.png [33m404 [0m2.895 ms - 969[0m
{ Error: ER_PARSE_ERROR: You have an error in your SQL syntax; check the manual that corresponds to your MySQL server version for the right syntax to use near '?' at line 1
    at Query.Sequence._packetToError (/home/weicai/node_modules/mysql/lib/protocol/sequences/Sequence.js:52:14)
    at Query.ErrorPacket (/home/weicai/node_modules/mysql/lib/protocol/sequences/Query.js:83:18)
    at Protocol._parsePacket (/home/weicai/node_modules/mysql/lib/protocol/Protocol.js:280:23)
    at Parser.write (/home/weicai/node_modules/mysql/lib/protocol/Parser.js:74:12)
    at Protocol.write (/home/weicai/node_modules/mysql/lib/protocol/Protocol.js:39:16)
    at Socket.<anonymous> (/home/weicai/node_modules/mysql/lib/Connection.js:109:28)
    at emitOne (events.js:96:13)
    at Socket.emit (events.js:188:7)
    at readableAddChunk (_stream_readable.js:176:18)
    at Socket.Readable.push (_stream_readable.js:134:10)
    --------------------
    at Protocol._enqueue (/home/weicai/node_modules/mysql/lib/protocol/Protocol.js:141:48)
    at PoolConnection.query (/home/weicai/node_modules/mysql/lib/Connection.js:214:25)
    at pool.getConnection (/home/weicai/vendor/model.js:20:26)
    at Ping.onOperationComplete [as _callback] (/home/weicai/node_modules/mysql/lib/Pool.js:108:5)
    at Ping.Sequence.end (/home/weicai/node_modules/mysql/lib/protocol/sequences/Sequence.js:86:24)
    at Ping.Sequence.OkPacket (/home/weicai/node_modules/mysql/lib/protocol/sequences/Sequence.js:95:8)
    at Protocol._parsePacket (/home/weicai/node_modules/mysql/lib/protocol/Protocol.js:280:23)
    at Parser.write (/home/weicai/node_modules/mysql/lib/protocol/Parser.js:74:12)
    at Protocol.write (/home/weicai/node_modules/mysql/lib/protocol/Protocol.js:39:16)
    at Socket.<anonymous> (/home/weicai/node_modules/mysql/lib/Connection.js:109:28)
  code: 'ER_PARSE_ERROR',
  errno: 1064,
  sqlState: '42000',
  index: 0 }
[0mGET /commodity/commoditySpecific [31m500 [0m33.339 ms - 1006[0m
{ Error: ER_PARSE_ERROR: You have an error in your SQL syntax; check the manual that corresponds to your MySQL server version for the right syntax to use near ''0,15'' at line 1
    at Query.Sequence._packetToError (/home/weicai/node_modules/mysql/lib/protocol/sequences/Sequence.js:52:14)
    at Query.ErrorPacket (/home/weicai/node_modules/mysql/lib/protocol/sequences/Query.js:83:18)
    at Protocol._parsePacket (/home/weicai/node_modules/mysql/lib/protocol/Protocol.js:280:23)
    at Parser.write (/home/weicai/node_modules/mysql/lib/protocol/Parser.js:74:12)
    at Protocol.write (/home/weicai/node_modules/mysql/lib/protocol/Protocol.js:39:16)
    at Socket.<anonymous> (/home/weicai/node_modules/mysql/lib/Connection.js:109:28)
    at emitOne (events.js:96:13)
    at Socket.emit (events.js:188:7)
    at readableAddChunk (_stream_readable.js:176:18)
    at Socket.Readable.push (_stream_readable.js:134:10)
    --------------------
    at Protocol._enqueue (/home/weicai/node_modules/mysql/lib/protocol/Protocol.js:141:48)
    at PoolConnection.query (/home/weicai/node_modules/mysql/lib/Connection.js:214:25)
    at pool.getConnection (/home/weicai/vendor/model.js:20:26)
    at Ping.onOperationComplete [as _callback] (/home/weicai/node_modules/mysql/lib/Pool.js:108:5)
    at Ping.Sequence.end (/home/weicai/node_modules/mysql/lib/protocol/sequences/Sequence.js:86:24)
    at Ping.Sequence.OkPacket (/home/weicai/node_modules/mysql/lib/protocol/sequences/Sequence.js:95:8)
    at Protocol._parsePacket (/home/weicai/node_modules/mysql/lib/protocol/Protocol.js:280:23)
    at Parser.write (/home/weicai/node_modules/mysql/lib/protocol/Parser.js:74:12)
    at Protocol.write (/home/weicai/node_modules/mysql/lib/protocol/Protocol.js:39:16)
    at Socket.<anonymous> (/home/weicai/node_modules/mysql/lib/Connection.js:109:28)
  code: 'ER_PARSE_ERROR',
  errno: 1064,
  sqlState: '42000',
  index: 0 }
[0mGET /commodity/commodityList [31m500 [0m32.217 ms - 1006[0m
{ Error: ER_PARSE_ERROR: You have an error in your SQL syntax; check the manual that corresponds to your MySQL server version for the right syntax to use near ''0,15'' at line 1
    at Query.Sequence._packetToError (/home/weicai/node_modules/mysql/lib/protocol/sequences/Sequence.js:52:14)
    at Query.ErrorPacket (/home/weicai/node_modules/mysql/lib/protocol/sequences/Query.js:83:18)
    at Protocol._parsePacket (/home/weicai/node_modules/mysql/lib/protocol/Protocol.js:280:23)
    at Parser.write (/home/weicai/node_modules/mysql/lib/protocol/Parser.js:74:12)
    at Protocol.write (/home/weicai/node_modules/mysql/lib/protocol/Protocol.js:39:16)
    at Socket.<anonymous> (/home/weicai/node_modules/mysql/lib/Connection.js:109:28)
    at emitOne (events.js:96:13)
    at Socket.emit (events.js:188:7)
    at readableAddChunk (_stream_readable.js:176:18)
    at Socket.Readable.push (_stream_readable.js:134:10)
    --------------------
    at Protocol._enqueue (/home/weicai/node_modules/mysql/lib/protocol/Protocol.js:141:48)
    at PoolConnection.query (/home/weicai/node_modules/mysql/lib/Connection.js:214:25)
    at pool.getConnection (/home/weicai/vendor/model.js:20:26)
    at Ping.onOperationComplete [as _callback] (/home/weicai/node_modules/mysql/lib/Pool.js:108:5)
    at Ping.Sequence.end (/home/weicai/node_modules/mysql/lib/protocol/sequences/Sequence.js:86:24)
    at Ping.Sequence.OkPacket (/home/weicai/node_modules/mysql/lib/protocol/sequences/Sequence.js:95:8)
    at Protocol._parsePacket (/home/weicai/node_modules/mysql/lib/protocol/Protocol.js:280:23)
    at Parser.write (/home/weicai/node_modules/mysql/lib/protocol/Parser.js:74:12)
    at Protocol.write (/home/weicai/node_modules/mysql/lib/protocol/Protocol.js:39:16)
    at Socket.<anonymous> (/home/weicai/node_modules/mysql/lib/Connection.js:109:28)
  code: 'ER_PARSE_ERROR',
  errno: 1064,
  sqlState: '42000',
  index: 0 }
[0mGET /commodity/commodityList [31m500 [0m34.765 ms - 1006[0m
{ Error: ER_PARSE_ERROR: You have an error in your SQL syntax; check the manual that corresponds to your MySQL server version for the right syntax to use near ''0,15'' at line 1
    at Query.Sequence._packetToError (/home/weicai/node_modules/mysql/lib/protocol/sequences/Sequence.js:52:14)
    at Query.ErrorPacket (/home/weicai/node_modules/mysql/lib/protocol/sequences/Query.js:83:18)
    at Protocol._parsePacket (/home/weicai/node_modules/mysql/lib/protocol/Protocol.js:280:23)
    at Parser.write (/home/weicai/node_modules/mysql/lib/protocol/Parser.js:74:12)
    at Protocol.write (/home/weicai/node_modules/mysql/lib/protocol/Protocol.js:39:16)
    at Socket.<anonymous> (/home/weicai/node_modules/mysql/lib/Connection.js:109:28)
    at emitOne (events.js:96:13)
    at Socket.emit (events.js:188:7)
    at readableAddChunk (_stream_readable.js:176:18)
    at Socket.Readable.push (_stream_readable.js:134:10)
    --------------------
    at Protocol._enqueue (/home/weicai/node_modules/mysql/lib/protocol/Protocol.js:141:48)
    at PoolConnection.query (/home/weicai/node_modules/mysql/lib/Connection.js:214:25)
    at pool.getConnection (/home/weicai/vendor/model.js:20:26)
    at Ping.onOperationComplete [as _callback] (/home/weicai/node_modules/mysql/lib/Pool.js:108:5)
    at Ping.Sequence.end (/home/weicai/node_modules/mysql/lib/protocol/sequences/Sequence.js:86:24)
    at Ping.Sequence.OkPacket (/home/weicai/node_modules/mysql/lib/protocol/sequences/Sequence.js:95:8)
    at Protocol._parsePacket (/home/weicai/node_modules/mysql/lib/protocol/Protocol.js:280:23)
    at Parser.write (/home/weicai/node_modules/mysql/lib/protocol/Parser.js:74:12)
    at Protocol.write (/home/weicai/node_modules/mysql/lib/protocol/Protocol.js:39:16)
    at Socket.<anonymous> (/home/weicai/node_modules/mysql/lib/Connection.js:109:28)
  code: 'ER_PARSE_ERROR',
  errno: 1064,
  sqlState: '42000',
  index: 0 }
[0mGET /commodity/commodityList [31m500 [0m32.129 ms - 1006[0m
{ Error: ER_PARSE_ERROR: You have an error in your SQL syntax; check the manual that corresponds to your MySQL server version for the right syntax to use near ''0,15'' at line 1
    at Query.Sequence._packetToError (/home/weicai/node_modules/mysql/lib/protocol/sequences/Sequence.js:52:14)
    at Query.ErrorPacket (/home/weicai/node_modules/mysql/lib/protocol/sequences/Query.js:83:18)
    at Protocol._parsePacket (/home/weicai/node_modules/mysql/lib/protocol/Protocol.js:280:23)
    at Parser.write (/home/weicai/node_modules/mysql/lib/protocol/Parser.js:74:12)
    at Protocol.write (/home/weicai/node_modules/mysql/lib/protocol/Protocol.js:39:16)
    at Socket.<anonymous> (/home/weicai/node_modules/mysql/lib/Connection.js:109:28)
    at emitOne (events.js:96:13)
    at Socket.emit (events.js:188:7)
    at readableAddChunk (_stream_readable.js:176:18)
    at Socket.Readable.push (_stream_readable.js:134:10)
    --------------------
    at Protocol._enqueue (/home/weicai/node_modules/mysql/lib/protocol/Protocol.js:141:48)
    at PoolConnection.query (/home/weicai/node_modules/mysql/lib/Connection.js:214:25)
    at pool.getConnection (/home/weicai/vendor/model.js:20:26)
    at Ping.onOperationComplete [as _callback] (/home/weicai/node_modules/mysql/lib/Pool.js:108:5)
    at Ping.Sequence.end (/home/weicai/node_modules/mysql/lib/protocol/sequences/Sequence.js:86:24)
    at Ping.Sequence.OkPacket (/home/weicai/node_modules/mysql/lib/protocol/sequences/Sequence.js:95:8)
    at Protocol._parsePacket (/home/weicai/node_modules/mysql/lib/protocol/Protocol.js:280:23)
    at Parser.write (/home/weicai/node_modules/mysql/lib/protocol/Parser.js:74:12)
    at Protocol.write (/home/weicai/node_modules/mysql/lib/protocol/Protocol.js:39:16)
    at Socket.<anonymous> (/home/weicai/node_modules/mysql/lib/Connection.js:109:28)
  code: 'ER_PARSE_ERROR',
  errno: 1064,
  sqlState: '42000',
  index: 0 }
[0mGET /commodity/commodityList [31m500 [0m31.753 ms - 1006[0m
{ Error: ER_PARSE_ERROR: You have an error in your SQL syntax; check the manual that corresponds to your MySQL server version for the right syntax to use near ''0,15'' at line 1
    at Query.Sequence._packetToError (/home/weicai/node_modules/mysql/lib/protocol/sequences/Sequence.js:52:14)
    at Query.ErrorPacket (/home/weicai/node_modules/mysql/lib/protocol/sequences/Query.js:83:18)
    at Protocol._parsePacket (/home/weicai/node_modules/mysql/lib/protocol/Protocol.js:280:23)
    at Parser.write (/home/weicai/node_modules/mysql/lib/protocol/Parser.js:74:12)
    at Protocol.write (/home/weicai/node_modules/mysql/lib/protocol/Protocol.js:39:16)
    at Socket.<anonymous> (/home/weicai/node_modules/mysql/lib/Connection.js:109:28)
    at emitOne (events.js:96:13)
    at Socket.emit (events.js:188:7)
    at readableAddChunk (_stream_readable.js:176:18)
    at Socket.Readable.push (_stream_readable.js:134:10)
    --------------------
    at Protocol._enqueue (/home/weicai/node_modules/mysql/lib/protocol/Protocol.js:141:48)
    at PoolConnection.query (/home/weicai/node_modules/mysql/lib/Connection.js:214:25)
    at pool.getConnection (/home/weicai/vendor/model.js:20:26)
    at Ping.onOperationComplete [as _callback] (/home/weicai/node_modules/mysql/lib/Pool.js:108:5)
    at Ping.Sequence.end (/home/weicai/node_modules/mysql/lib/protocol/sequences/Sequence.js:86:24)
    at Ping.Sequence.OkPacket (/home/weicai/node_modules/mysql/lib/protocol/sequences/Sequence.js:95:8)
    at Protocol._parsePacket (/home/weicai/node_modules/mysql/lib/protocol/Protocol.js:280:23)
    at Parser.write (/home/weicai/node_modules/mysql/lib/protocol/Parser.js:74:12)
    at Protocol.write (/home/weicai/node_modules/mysql/lib/protocol/Protocol.js:39:16)
    at Socket.<anonymous> (/home/weicai/node_modules/mysql/lib/Connection.js:109:28)
  code: 'ER_PARSE_ERROR',
  errno: 1064,
  sqlState: '42000',
  index: 0 }
[0mGET /commodity/commodityList [31m500 [0m32.419 ms - 1006[0m
{ Error: ER_PARSE_ERROR: You have an error in your SQL syntax; check the manual that corresponds to your MySQL server version for the right syntax to use near ''0,15'' at line 1
    at Query.Sequence._packetToError (/home/weicai/node_modules/mysql/lib/protocol/sequences/Sequence.js:52:14)
    at Query.ErrorPacket (/home/weicai/node_modules/mysql/lib/protocol/sequences/Query.js:83:18)
    at Protocol._parsePacket (/home/weicai/node_modules/mysql/lib/protocol/Protocol.js:280:23)
    at Parser.write (/home/weicai/node_modules/mysql/lib/protocol/Parser.js:74:12)
    at Protocol.write (/home/weicai/node_modules/mysql/lib/protocol/Protocol.js:39:16)
    at Socket.<anonymous> (/home/weicai/node_modules/mysql/lib/Connection.js:109:28)
    at emitOne (events.js:96:13)
    at Socket.emit (events.js:188:7)
    at readableAddChunk (_stream_readable.js:176:18)
    at Socket.Readable.push (_stream_readable.js:134:10)
    --------------------
    at Protocol._enqueue (/home/weicai/node_modules/mysql/lib/protocol/Protocol.js:141:48)
    at PoolConnection.query (/home/weicai/node_modules/mysql/lib/Connection.js:214:25)
    at pool.getConnection (/home/weicai/vendor/model.js:20:26)
    at Ping.onOperationComplete [as _callback] (/home/weicai/node_modules/mysql/lib/Pool.js:108:5)
    at Ping.Sequence.end (/home/weicai/node_modules/mysql/lib/protocol/sequences/Sequence.js:86:24)
    at Ping.Sequence.OkPacket (/home/weicai/node_modules/mysql/lib/protocol/sequences/Sequence.js:95:8)
    at Protocol._parsePacket (/home/weicai/node_modules/mysql/lib/protocol/Protocol.js:280:23)
    at Parser.write (/home/weicai/node_modules/mysql/lib/protocol/Parser.js:74:12)
    at Protocol.write (/home/weicai/node_modules/mysql/lib/protocol/Protocol.js:39:16)
    at Socket.<anonymous> (/home/weicai/node_modules/mysql/lib/Connection.js:109:28)
  code: 'ER_PARSE_ERROR',
  errno: 1064,
  sqlState: '42000',
  index: 0 }
[0mGET /commodity/commodityList [32m200 [0m31.025 ms - 5463[0m
[0mGET /commodity/img/hongtangjiangshui.jpg [33m404 [0m3.489 ms - 969[0m
[0mGET /css/images/icon.fw.png [33m404 [0m2.522 ms - 969[0m
{ Error: ER_PARSE_ERROR: You have an error in your SQL syntax; check the manual that corresponds to your MySQL server version for the right syntax to use near ''0,15'' at line 1
    at Query.Sequence._packetToError (/home/weicai/node_modules/mysql/lib/protocol/sequences/Sequence.js:52:14)
    at Query.ErrorPacket (/home/weicai/node_modules/mysql/lib/protocol/sequences/Query.js:83:18)
    at Protocol._parsePacket (/home/weicai/node_modules/mysql/lib/protocol/Protocol.js:280:23)
    at Parser.write (/home/weicai/node_modules/mysql/lib/protocol/Parser.js:74:12)
    at Protocol.write (/home/weicai/node_modules/mysql/lib/protocol/Protocol.js:39:16)
    at Socket.<anonymous> (/home/weicai/node_modules/mysql/lib/Connection.js:109:28)
    at emitOne (events.js:96:13)
    at Socket.emit (events.js:188:7)
    at readableAddChunk (_stream_readable.js:176:18)
    at Socket.Readable.push (_stream_readable.js:134:10)
    --------------------
    at Protocol._enqueue (/home/weicai/node_modules/mysql/lib/protocol/Protocol.js:141:48)
    at PoolConnection.query (/home/weicai/node_modules/mysql/lib/Connection.js:214:25)
    at pool.getConnection (/home/weicai/vendor/model.js:20:26)
    at Ping.onOperationComplete [as _callback] (/home/weicai/node_modules/mysql/lib/Pool.js:108:5)
    at Ping.Sequence.end (/home/weicai/node_modules/mysql/lib/protocol/sequences/Sequence.js:86:24)
    at Ping.Sequence.OkPacket (/home/weicai/node_modules/mysql/lib/protocol/sequences/Sequence.js:95:8)
    at Protocol._parsePacket (/home/weicai/node_modules/mysql/lib/protocol/Protocol.js:280:23)
    at Parser.write (/home/weicai/node_modules/mysql/lib/protocol/Parser.js:74:12)
    at Protocol.write (/home/weicai/node_modules/mysql/lib/protocol/Protocol.js:39:16)
    at Socket.<anonymous> (/home/weicai/node_modules/mysql/lib/Connection.js:109:28)
  code: 'ER_PARSE_ERROR',
  errno: 1064,
  sqlState: '42000',
  index: 0 }
[0mGET /commodity/commodityList [31m500 [0m33.402 ms - 1006[0m
{ Error: ER_PARSE_ERROR: You have an error in your SQL syntax; check the manual that corresponds to your MySQL server version for the right syntax to use near ''0,15'' at line 1
    at Query.Sequence._packetToError (/home/weicai/node_modules/mysql/lib/protocol/sequences/Sequence.js:52:14)
    at Query.ErrorPacket (/home/weicai/node_modules/mysql/lib/protocol/sequences/Query.js:83:18)
    at Protocol._parsePacket (/home/weicai/node_modules/mysql/lib/protocol/Protocol.js:280:23)
    at Parser.write (/home/weicai/node_modules/mysql/lib/protocol/Parser.js:74:12)
    at Protocol.write (/home/weicai/node_modules/mysql/lib/protocol/Protocol.js:39:16)
    at Socket.<anonymous> (/home/weicai/node_modules/mysql/lib/Connection.js:109:28)
    at emitOne (events.js:96:13)
    at Socket.emit (events.js:188:7)
    at readableAddChunk (_stream_readable.js:176:18)
    at Socket.Readable.push (_stream_readable.js:134:10)
    --------------------
    at Protocol._enqueue (/home/weicai/node_modules/mysql/lib/protocol/Protocol.js:141:48)
    at PoolConnection.query (/home/weicai/node_modules/mysql/lib/Connection.js:214:25)
    at pool.getConnection (/home/weicai/vendor/model.js:20:26)
    at Ping.onOperationComplete [as _callback] (/home/weicai/node_modules/mysql/lib/Pool.js:108:5)
    at Ping.Sequence.end (/home/weicai/node_modules/mysql/lib/protocol/sequences/Sequence.js:86:24)
    at Ping.Sequence.OkPacket (/home/weicai/node_modules/mysql/lib/protocol/sequences/Sequence.js:95:8)
    at Protocol._parsePacket (/home/weicai/node_modules/mysql/lib/protocol/Protocol.js:280:23)
    at Parser.write (/home/weicai/node_modules/mysql/lib/protocol/Parser.js:74:12)
    at Protocol.write (/home/weicai/node_modules/mysql/lib/protocol/Protocol.js:39:16)
    at Socket.<anonymous> (/home/weicai/node_modules/mysql/lib/Connection.js:109:28)
  code: 'ER_PARSE_ERROR',
  errno: 1064,
  sqlState: '42000',
  index: 0 }
[0mGET /commodity/commodityList [32m200 [0m32.643 ms - 5458[0m
[0mGET /commodity/img/hongtangjiangshui.jpg [33m404 [0m1.827 ms - 969[0m
[0mGET /css/images/icon.fw.png [33m404 [0m1.866 ms - 969[0m
[0mGET /commodity/indent?sid%5B%5D=17 [32m200 [0m20.517 ms - 855[0m
[0mGET /user/login [32m200 [0m7.537 ms - 7396[0m
[0mPOST /user/login [36m302 [0m96.954 ms - 68[0m
[0mGET /index/index [36m304 [0m138.214 ms - -[0m
[0mGET /index/img/icon/logo.png [33m404 [0m8.207 ms - 969[0m
[0mGET /upload/files/14868865746642.jpg [33m404 [0m7.257 ms - 969[0m
[0mGET /upload/files/148679608118228.jpg [33m404 [0m3.994 ms - 969[0m
[0mGET /upload/files/148679517468394.jpg [33m404 [0m3.823 ms - 969[0m
[0mGET /upload/files/148678170700295.jpg [33m404 [0m1.860 ms - 969[0m
[0mGET /upload/files/148678168000784.jpg [33m404 [0m3.336 ms - 969[0m
[0mGET /upload/files/148678165927735.jpg [33m404 [0m4.502 ms - 969[0m
[0mGET /upload/files/148678159887773.jpg [33m404 [0m4.567 ms - 969[0m
[0mGET /index/index [36m304 [0m134.450 ms - -[0m
[0mGET /index/img/icon/logo.png [33m404 [0m3.317 ms - 969[0m
[0mGET /upload/files/14868865746642.jpg [33m404 [0m3.376 ms - 969[0m
[0mGET /css/img/icon/line.png [33m404 [0m2.692 ms - 969[0m
[0mGET /css/img/icon/shop_car.png [33m404 [0m3.345 ms - 969[0m
[0mGET /upload/files/148679608118228.jpg [33m404 [0m2.491 ms - 969[0m
[0mGET /upload/files/148679517468394.jpg [33m404 [0m2.239 ms - 969[0m
[0mGET /upload/files/148678170700295.jpg [33m404 [0m2.887 ms - 969[0m
[0mGET /upload/files/148678168000784.jpg [33m404 [0m2.526 ms - 969[0m
[0mGET /upload/files/148678165927735.jpg [33m404 [0m5.553 ms - 969[0m
[0mGET /upload/files/148678159887773.jpg [33m404 [0m3.731 ms - 969[0m
[0mGET /commodity/cart [36m304 [0m48.670 ms - -[0m
[0mGET /upload/files/148678170700295.jpg [33m404 [0m3.341 ms - 969[0m
[0mGET /upload/files/148678168000784.jpg [33m404 [0m3.307 ms - 969[0m
[0mGET /upload/files/14868865746642.jpg [33m404 [0m3.192 ms - 969[0m
[0mGET /commodity/indent?sid%5B%5D=18&sid%5B%5D=17 [32m200 [0m39.709 ms - 9757[0m
[0mGET /upload/files/14868865746642.jpg [33m404 [0m3.501 ms - 969[0m
[0mGET /upload/files/148678170700295.jpg [33m404 [0m3.510 ms - 969[0m
{ Error: ER_PARSE_ERROR: You have an error in your SQL syntax; check the manual that corresponds to your MySQL server version for the right syntax to use near 'create_time=now()' at line 1
    at Query.Sequence._packetToError (/home/weicai/node_modules/mysql/lib/protocol/sequences/Sequence.js:52:14)
    at Query.ErrorPacket (/home/weicai/node_modules/mysql/lib/protocol/sequences/Query.js:83:18)
    at Protocol._parsePacket (/home/weicai/node_modules/mysql/lib/protocol/Protocol.js:280:23)
    at Parser.write (/home/weicai/node_modules/mysql/lib/protocol/Parser.js:74:12)
    at Protocol.write (/home/weicai/node_modules/mysql/lib/protocol/Protocol.js:39:16)
    at Socket.<anonymous> (/home/weicai/node_modules/mysql/lib/Connection.js:109:28)
    at emitOne (events.js:96:13)
    at Socket.emit (events.js:188:7)
    at readableAddChunk (_stream_readable.js:176:18)
    at Socket.Readable.push (_stream_readable.js:134:10)
    --------------------
    at Protocol._enqueue (/home/weicai/node_modules/mysql/lib/protocol/Protocol.js:141:48)
    at PoolConnection.query (/home/weicai/node_modules/mysql/lib/Connection.js:214:25)
    at pool.getConnection (/home/weicai/vendor/model.js:20:26)
    at Ping.onOperationComplete [as _callback] (/home/weicai/node_modules/mysql/lib/Pool.js:108:5)
    at Ping.Sequence.end (/home/weicai/node_modules/mysql/lib/protocol/sequences/Sequence.js:86:24)
    at Ping.Sequence.OkPacket (/home/weicai/node_modules/mysql/lib/protocol/sequences/Sequence.js:95:8)
    at Protocol._parsePacket (/home/weicai/node_modules/mysql/lib/protocol/Protocol.js:280:23)
    at Parser.write (/home/weicai/node_modules/mysql/lib/protocol/Parser.js:74:12)
    at Protocol.write (/home/weicai/node_modules/mysql/lib/protocol/Protocol.js:39:16)
    at Socket.<anonymous> (/home/weicai/node_modules/mysql/lib/Connection.js:109:28)
  code: 'ER_PARSE_ERROR',
  errno: 1064,
  sqlState: '42000',
  index: 0 }
[0mPOST /commodity/pay [36m302 [0m72.138 ms - 80[0m
[0mGET /commodity/commodity/myIndent [33m404 [0m3.044 ms - 969[0m
[0mGET / [36m304 [0m181.656 ms - -[0m
[0mGET /upload/files/14868865746642.jpg [33m404 [0m3.567 ms - 969[0m
[0mGET /css/img/icon/line.png [33m404 [0m2.097 ms - 969[0m
[0mGET /css/img/icon/shop_car.png [33m404 [0m1.553 ms - 969[0m
[0mGET /upload/files/148679517468394.jpg [33m404 [0m2.892 ms - 969[0m
[0mGET /upload/files/148679608118228.jpg [33m404 [0m2.785 ms - 969[0m
[0mGET /upload/files/148678170700295.jpg [33m404 [0m3.196 ms - 969[0m
[0mGET /upload/files/148678168000784.jpg [33m404 [0m7.562 ms - 969[0m
[0mGET /upload/files/148678165927735.jpg [33m404 [0m2.383 ms - 969[0m
[0mGET /upload/files/148678159887773.jpg [33m404 [0m7.368 ms - 969[0m
[0mGET /commodity/cart [36m304 [0m35.582 ms - -[0m
[0mGET /upload/files/148678170700295.jpg [33m404 [0m5.640 ms - 969[0m
[0mGET /upload/files/148678168000784.jpg [33m404 [0m5.530 ms - 969[0m
[0mGET /upload/files/14868865746642.jpg [33m404 [0m5.697 ms - 969[0m
[0mGET /commodity/commoditySpecific?id=22 [36m304 [0m65.109 ms - -[0m
[0mGET /commodity/img/icon/logo.png [33m404 [0m2.009 ms - 969[0m
[0mGET /upload/files/14868865746642.jpg [33m404 [0m4.156 ms - 969[0m
[0mGET /upload/files/148688657466445.jpg [33m404 [0m3.880 ms - 969[0m
[0mGET /commodity/img/xiaoxing.jpg [33m404 [0m4.007 ms - 969[0m
[0mGET /images/seemore-bg.png [33m404 [0m3.218 ms - 969[0m
{ Error: ER_PARSE_ERROR: You have an error in your SQL syntax; check the manual that corresponds to your MySQL server version for the right syntax to use near ''0,15'' at line 1
    at Query.Sequence._packetToError (/home/weicai/node_modules/mysql/lib/protocol/sequences/Sequence.js:52:14)
    at Query.ErrorPacket (/home/weicai/node_modules/mysql/lib/protocol/sequences/Query.js:83:18)
    at Protocol._parsePacket (/home/weicai/node_modules/mysql/lib/protocol/Protocol.js:280:23)
    at Parser.write (/home/weicai/node_modules/mysql/lib/protocol/Parser.js:74:12)
    at Protocol.write (/home/weicai/node_modules/mysql/lib/protocol/Protocol.js:39:16)
    at Socket.<anonymous> (/home/weicai/node_modules/mysql/lib/Connection.js:109:28)
    at emitOne (events.js:96:13)
    at Socket.emit (events.js:188:7)
    at readableAddChunk (_stream_readable.js:176:18)
    at Socket.Readable.push (_stream_readable.js:134:10)
    --------------------
    at Protocol._enqueue (/home/weicai/node_modules/mysql/lib/protocol/Protocol.js:141:48)
    at PoolConnection.query (/home/weicai/node_modules/mysql/lib/Connection.js:214:25)
    at pool.getConnection (/home/weicai/vendor/model.js:20:26)
    at Ping.onOperationComplete [as _callback] (/home/weicai/node_modules/mysql/lib/Pool.js:108:5)
    at Ping.Sequence.end (/home/weicai/node_modules/mysql/lib/protocol/sequences/Sequence.js:86:24)
    at Ping.Sequence.OkPacket (/home/weicai/node_modules/mysql/lib/protocol/sequences/Sequence.js:95:8)
    at Protocol._parsePacket (/home/weicai/node_modules/mysql/lib/protocol/Protocol.js:280:23)
    at Parser.write (/home/weicai/node_modules/mysql/lib/protocol/Parser.js:74:12)
    at Protocol.write (/home/weicai/node_modules/mysql/lib/protocol/Protocol.js:39:16)
    at Socket.<anonymous> (/home/weicai/node_modules/mysql/lib/Connection.js:109:28)
  code: 'ER_PARSE_ERROR',
  errno: 1064,
  sqlState: '42000',
  index: 0 }
[0mGET /commodity/commodityList [31m500 [0m34.248 ms - 1006[0m
[0mGET /commodity/commoditySpecific?id=21 [36m304 [0m167.259 ms - -[0m
[0mGET /commodity/img/icon/logo.png [33m404 [0m9.665 ms - 969[0m
[0mGET /commodity/img/xiaoxing.jpg [33m404 [0m3.289 ms - 969[0m
[0mGET /images/seemore-bg.png [33m404 [0m3.800 ms - 969[0m
[0mGET /commodity/cart [36m304 [0m36.523 ms - -[0m
[0mGET /upload/files/148678168000784.jpg [33m404 [0m2.585 ms - 969[0m
[0mGET /upload/files/148678170700295.jpg [33m404 [0m5.941 ms - 969[0m
[0mGET /upload/files/14868865746642.jpg,/upload/files/148688657466445.jpg [33m404 [0m9.370 ms - 969[0m
[0mGET /index/index [32m200 [0m209.084 ms - 36094[0m
[0mGET /index/img/icon/logo.png [36m304 [0m4.071 ms - -[0m
[0mGET /upload/files/14868865746642.jpg [36m304 [0m3.968 ms - -[0m
[0mGET /upload/files/148679608118228.jpg [36m304 [0m2.724 ms - -[0m
[0mGET /upload/files/148678170700295.jpg [36m304 [0m3.412 ms - -[0m
[0mGET /upload/files/148672036678465.jpg [36m304 [0m4.274 ms - -[0m
[0mGET /favicon.ico [36m304 [0m2.937 ms - -[0m
[0mGET /user/login [32m200 [0m4.128 ms - 7396[0m
[0mGET /favicon.ico [36m304 [0m1.908 ms - -[0m
[0mPOST /user/login [36m302 [0m92.995 ms - 68[0m
[0mGET /index/index [36m304 [0m126.986 ms - -[0m
[0mGET /upload/files/14868865746642.jpg [36m304 [0m4.486 ms - -[0m
[0mGET /index/img/icon/logo.png [36m304 [0m4.078 ms - -[0m
[0mGET /upload/files/148672036678465.jpg [36m304 [0m1.786 ms - -[0m
[0mGET /upload/files/148678170700295.jpg [36m304 [0m2.840 ms - -[0m
[0mGET /upload/files/148679608118228.jpg [36m304 [0m2.677 ms - -[0m
[0mGET /favicon.ico [36m304 [0m3.734 ms - -[0m
[0mGET /user/login [32m200 [0m14.472 ms - 7396[0m
[0mGET /favicon.ico [36m304 [0m3.255 ms - -[0m
[0mPOST /user/login [36m302 [0m61.607 ms - 68[0m
[0mGET /index/index [36m304 [0m118.654 ms - -[0m
[0mGET /index/img/icon/logo.png [36m304 [0m1.658 ms - -[0m
[0mGET /upload/files/14868865746642.jpg [36m304 [0m2.159 ms - -[0m
[0mGET /upload/files/148679608118228.jpg [36m304 [0m1.844 ms - -[0m
[0mGET /upload/files/148678170700295.jpg [36m304 [0m1.705 ms - -[0m
[0mGET /upload/files/148672036678465.jpg [36m304 [0m2.296 ms - -[0m
[0mGET /favicon.ico [36m304 [0m3.088 ms - -[0m
[0mGET /personCenter/personalCenter [32m200 [0m45.748 ms - 21614[0m
[0mGET /personCenter/img/qunzi.jpg [36m304 [0m3.505 ms - -[0m
[0mGET /personCenter/img/icon/logo.png [36m304 [0m1.718 ms - -[0m
[0mGET /favicon.ico [36m304 [0m1.893 ms - -[0m
[0mGET /personCenter/publish [32m200 [0m66.024 ms - 25587[0m
[0mGET /upload/files/148679608118228.jpg [36m304 [0m5.975 ms - -[0m
[0mGET /upload/files/148672036678465.jpg [36m304 [0m2.074 ms - -[0m
[0mGET /upload/files/14868865746642.jpg [36m304 [0m5.009 ms - -[0m
[0mGET /personCenter/img/icon/logo.png [36m304 [0m1.667 ms - -[0m
[0mGET /favicon.ico [36m304 [0m1.771 ms - -[0m
[0mGET /commodity/commodityInfo?id=12 [32m200 [0m61.063 ms - 7488[0m
[0mGET /commodity/src [32m200 [0m2.262 ms - 49[0m
[0mGET /favicon.ico [36m304 [0m2.061 ms - -[0m
[0mGET /favicon.ico [36m304 [0m1.692 ms - -[0m
[0mGET /user/login [32m200 [0m3.920 ms - 7396[0m
[0mGET /favicon.ico [36m304 [0m1.615 ms - -[0m
[0mPOST /user/login [36m302 [0m58.861 ms - 68[0m
[0mGET /index/index [36m304 [0m129.555 ms - -[0m
[0mGET /upload/files/14868865746642.jpg [36m304 [0m3.128 ms - -[0m
[0mGET /index/img/icon/logo.png [36m304 [0m1.184 ms - -[0m
[0mGET /upload/files/148679608118228.jpg [36m304 [0m1.587 ms - -[0m
[0mGET /upload/files/148678170700295.jpg [36m304 [0m1.978 ms - -[0m
[0mGET /upload/files/148672036678465.jpg [36m304 [0m2.950 ms - -[0m
[0mGET /favicon.ico [36m304 [0m1.766 ms - -[0m
[0mGET /favicon.ico [36m304 [0m9.117 ms - -[0m
[0mGET /index/index [32m200 [0m120.984 ms - 27780[0m
[0mGET /index/img/icon/logo.png [36m304 [0m2.024 ms - -[0m
[0mGET /upload/files/14868865746642.jpg [36m304 [0m2.203 ms - -[0m
[0mGET /upload/files/148679608118228.jpg [36m304 [0m1.556 ms - -[0m
[0mGET /upload/files/148678170700295.jpg [36m304 [0m0.962 ms - -[0m
[0mGET /favicon.ico [36m304 [0m1.460 ms - -[0m
[0mGET /user/login [32m200 [0m2.404 ms - 7396[0m
[0mGET /favicon.ico [36m304 [0m4.146 ms - -[0m
[0mPOST /user/login [36m302 [0m57.747 ms - 68[0m
[0mGET /index/index [32m200 [0m116.095 ms - 31493[0m
[0mGET /index/img/icon/logo.png [36m304 [0m3.560 ms - -[0m
[0mGET /upload/files/14868865746642.jpg [36m304 [0m4.101 ms - -[0m
[0mGET /upload/files/148679608118228.jpg [36m304 [0m5.975 ms - -[0m
[0mGET /upload/files/148678170700295.jpg [36m304 [0m5.384 ms - -[0m
[0mGET /upload/files/148678168000784.jpg [36m304 [0m4.911 ms - -[0m
[0mGET /favicon.ico [36m304 [0m1.582 ms - -[0m
[0mGET /user/login [32m200 [0m2.499 ms - 7396[0m
[0mGET /favicon.ico [36m304 [0m1.914 ms - -[0m
[0mPOST /user/login [36m302 [0m55.954 ms - 68[0m
[0mGET /index/index [36m304 [0m111.821 ms - -[0m
[0mGET /upload/files/14868865746642.jpg [36m304 [0m2.629 ms - -[0m
[0mGET /index/img/icon/logo.png [36m304 [0m2.951 ms - -[0m
[0mGET /upload/files/148679608118228.jpg [36m304 [0m5.204 ms - -[0m
[0mGET /upload/files/148678170700295.jpg [36m304 [0m1.554 ms - -[0m
[0mGET /upload/files/148678168000784.jpg [36m304 [0m2.022 ms - -[0m
[0mGET /favicon.ico [36m304 [0m1.616 ms - -[0m
[0mGET /personCenter/personalCenter [36m304 [0m32.017 ms - -[0m
[0mGET /personCenter/img/qunzi.jpg [36m304 [0m1.795 ms - -[0m
[0mGET /personCenter/img/icon/logo.png [36m304 [0m1.082 ms - -[0m
[0mGET /favicon.ico [36m304 [0m1.500 ms - -[0m
[0mGET /personCenter/personalCenter [32m200 [0m30.615 ms - 21614[0m
[0mGET /personCenter/img/icon/logo.png [32m200 [0m1.705 ms - 49[0m
[0mGET /personCenter/img/qunzi.jpg [32m200 [0m1.344 ms - 49[0m
[0mGET /favicon.ico [36m304 [0m1.640 ms - -[0m
[0mGET /personCenter/publish [36m304 [0m59.238 ms - -[0m
[0mGET /personCenter/img/icon/logo.png [36m304 [0m1.948 ms - -[0m
[0mGET /upload/files/148679608118228.jpg [36m304 [0m1.280 ms - -[0m
[0mGET /upload/files/148672036678465.jpg [36m304 [0m1.231 ms - -[0m
[0mGET /upload/files/14868865746642.jpg [36m304 [0m2.506 ms - -[0m
[0mGET /favicon.ico [36m304 [0m2.352 ms - -[0m
[0mGET /favicon.ico [36m304 [0m2.258 ms - -[0m
[0mGET /commodity/commoditySpecific?id=22 [32m200 [0m62.872 ms - 29383[0m
[0mGET /commodity/img/icon/logo.png [36m304 [0m2.757 ms - -[0m
[0mGET /upload/files/14868865746642.jpg [36m304 [0m1.643 ms - -[0m
[0mGET /upload/files/148688657466445.jpg [32m200 [0m1.744 ms - 49[0m
[0mGET /commodity/img/xiaoxing.jpg [36m304 [0m2.534 ms - -[0m
[0mGET /images/seemore-bg.png [36m304 [0m1.289 ms - -[0m
[0mGET /favicon.ico [36m304 [0m1.781 ms - -[0m
[0mGET /commodity/commodityInfo?id=21 [32m200 [0m58.708 ms - 7500[0m
[0mGET /commodity/src [36m304 [0m1.581 ms - -[0m
[0mGET /favicon.ico [36m304 [0m1.599 ms - -[0m
[0mGET /favicon.ico [36m304 [0m1.623 ms - -[0m
[0mGET /favicon.ico [36m304 [0m2.441 ms - -[0m
[0mGET / [32m200 [0m118.048 ms - 36094[0m
[0mGET /upload/files/14868865746642.jpg [36m304 [0m3.614 ms - -[0m
[0mGET /upload/files/148672036678465.jpg [36m304 [0m2.245 ms - -[0m
[0mGET /upload/files/148679608118228.jpg [36m304 [0m6.394 ms - -[0m
[0mGET /upload/files/148678170700295.jpg [36m304 [0m6.714 ms - -[0m
[0mGET /favicon.ico [36m304 [0m1.961 ms - -[0m
[0mGET /favicon.ico [36m304 [0m1.570 ms - -[0m
[0mGET /commodity/commoditySpecific?id=21 [32m200 [0m63.898 ms - 29404[0m
[0mGET /commodity/img/icon/logo.png [36m304 [0m2.576 ms - -[0m
[0mGET /commodity/img/xiaoxing.jpg [36m304 [0m3.172 ms - -[0m
[0mGET /images/seemore-bg.png [36m304 [0m1.601 ms - -[0m
[0mGET /favicon.ico [36m304 [0m1.532 ms - -[0m
[0mGET /favicon.ico [36m304 [0m1.521 ms - -[0m
[0mGET /index/index [36m304 [0m126.253 ms - -[0m
[0mGET /upload/files/14868865746642.jpg [36m304 [0m2.082 ms - -[0m
[0mGET /index/img/icon/logo.png [36m304 [0m1.485 ms - -[0m
[0mGET /upload/files/148679608118228.jpg [36m304 [0m2.356 ms - -[0m
[0mGET /upload/files/148678170700295.jpg [36m304 [0m1.397 ms - -[0m
[0mGET /upload/files/148678168000784.jpg [36m304 [0m3.435 ms - -[0m
[0mGET /favicon.ico [36m304 [0m2.027 ms - -[0m
[0mGET /index/index [36m304 [0m118.993 ms - -[0m
[0mGET /index/img/icon/logo.png [36m304 [0m2.763 ms - -[0m
[0mGET /upload/files/14868865746642.jpg [36m304 [0m5.485 ms - -[0m
[0mGET /upload/files/148679608118228.jpg [36m304 [0m2.597 ms - -[0m
[0mGET /upload/files/148678170700295.jpg [36m304 [0m3.172 ms - -[0m
[0mGET /upload/files/148678168000784.jpg [36m304 [0m3.330 ms - -[0m
[0mGET /favicon.ico [36m304 [0m8.093 ms - -[0m
[0mGET /user/login [32m200 [0m13.871 ms - 7396[0m
[0mGET /favicon.ico [36m304 [0m1.891 ms - -[0m
[0mPOST /user/login [36m302 [0m61.326 ms - 68[0m
[0mGET /index/index [36m304 [0m124.125 ms - -[0m
[0mGET /index/img/icon/logo.png [36m304 [0m1.824 ms - -[0m
[0mGET /upload/files/14868865746642.jpg [36m304 [0m12.079 ms - -[0m
[0mGET /upload/files/148679608118228.jpg [36m304 [0m2.070 ms - -[0m
[0mGET /upload/files/148678170700295.jpg [36m304 [0m2.272 ms - -[0m
[0mGET /upload/files/148678168000784.jpg [36m304 [0m2.990 ms - -[0m
[0mGET /favicon.ico [36m304 [0m1.510 ms - -[0m
[0mGET /personCenter/personalCenter [36m304 [0m30.656 ms - -[0m
[0mGET /personCenter/img/icon/logo.png [36m304 [0m2.041 ms - -[0m
[0mGET /personCenter/img/qunzi.jpg [36m304 [0m1.336 ms - -[0m
[0mGET /favicon.ico [36m304 [0m1.561 ms - -[0m
[0mGET /personCenter/publish [32m200 [0m58.861 ms - 22541[0m
[0mGET /personCenter/img/icon/logo.png [36m304 [0m1.444 ms - -[0m
[0mGET /upload/files/148678168000784.jpg [36m304 [0m3.198 ms - -[0m
[0mGET /upload/files/148678170700295.jpg [36m304 [0m3.640 ms - -[0m
[0mGET /favicon.ico [36m304 [0m1.523 ms - -[0m
[0mGET /personCenter/myIndent [32m200 [0m59.174 ms - 20815[0m
[0mGET /personCenter/img/icon/logo.png [36m304 [0m1.585 ms - -[0m
[0mGET /favicon.ico [36m304 [0m2.683 ms - -[0m
[0mGET /personCenter/publish [32m200 [0m56.597 ms - 20495[0m
[0mGET /personCenter/img/icon/logo.png [36m304 [0m1.619 ms - -[0m
[0mGET /favicon.ico [36m304 [0m5.828 ms - -[0m
[0mGET /personCenter/personalCenter [36m304 [0m32.029 ms - -[0m
[0mGET /personCenter/img/qunzi.jpg [36m304 [0m2.703 ms - -[0m
[0mGET /personCenter/img/icon/logo.png [36m304 [0m1.171 ms - -[0m
[0mGET /favicon.ico [36m304 [0m1.487 ms - -[0m
[0mGET / [32m200 [0m115.761 ms - 21038[0m
[0mGET /favicon.ico [36m304 [0m1.537 ms - -[0m
[0mGET /user/login [32m200 [0m2.332 ms - 7396[0m
[0mGET /favicon.ico [36m304 [0m1.992 ms - -[0m
[0mPOST /user/login [36m302 [0m53.107 ms - 68[0m
[0mGET /index/index [32m200 [0m107.002 ms - 21038[0m
[0mGET /index/img/icon/logo.png [36m304 [0m1.435 ms - -[0m
[0mGET /favicon.ico [36m304 [0m1.468 ms - -[0m
[0mGET /index/index [36m304 [0m110.109 ms - -[0m
[0mGET /index/img/icon/logo.png [36m304 [0m2.040 ms - -[0m
[0mGET /favicon.ico [36m304 [0m2.501 ms - -[0m
[0mGET /user/login [32m200 [0m5.609 ms - 7396[0m
[0mGET /favicon.ico [36m304 [0m2.114 ms - -[0m
[0mPOST /user/login [36m302 [0m53.537 ms - 68[0m
[0mGET /index/index [36m304 [0m109.245 ms - -[0m
[0mGET /index/img/icon/logo.png [36m304 [0m7.822 ms - -[0m
[0mGET /favicon.ico [36m304 [0m1.773 ms - -[0m
[0mGET /personCenter/personalCenter [36m304 [0m33.182 ms - -[0m
[0mGET /personCenter/img/icon/logo.png [36m304 [0m1.828 ms - -[0m
[0mGET /personCenter/img/qunzi.jpg [36m304 [0m1.173 ms - -[0m
[0mGET /favicon.ico [36m304 [0m1.507 ms - -[0m
[0mGET /personCenter/myIndent [36m304 [0m64.577 ms - -[0m
[0mGET /personCenter/img/icon/logo.png [36m304 [0m1.704 ms - -[0m
[0mGET /favicon.ico [36m304 [0m1.616 ms - -[0m
[0mGET /personCenter/publish [36m304 [0m57.386 ms - -[0m
[0mGET /personCenter/img/icon/logo.png [36m304 [0m1.445 ms - -[0m
[0mGET /favicon.ico [36m304 [0m1.725 ms - -[0m
[0mGET / [32m200 [0m122.049 ms - 21035[0m
[0mGET /favicon.ico [32m200 [0m1.514 ms - 49[0m
[0mGET /personCenter/publish [36m304 [0m57.473 ms - -[0m
[0mGET /personCenter/img/icon/logo.png [36m304 [0m1.414 ms - -[0m
[0mGET /favicon.ico [36m304 [0m2.814 ms - -[0m
[0mGET /commodity/addCommodity [32m200 [0m110.157 ms - 13367[0m
[0mGET /favicon.ico [36m304 [0m2.678 ms - -[0m
[0mGET /user/login [32m200 [0m6.678 ms - 7396[0m
[0mGET /favicon.ico [36m304 [0m1.551 ms - -[0m
[0mPOST /user/login [36m302 [0m56.162 ms - 68[0m
[0mGET /index/index [32m200 [0m107.900 ms - 21035[0m
[0mGET /index/img/icon/logo.png [36m304 [0m1.580 ms - -[0m
[0mGET /favicon.ico [36m304 [0m1.657 ms - -[0m
[0mGET /personCenter/personalCenter [36m304 [0m35.367 ms - -[0m
[0mGET /personCenter/img/qunzi.jpg [36m304 [0m1.644 ms - -[0m
[0mGET /personCenter/img/icon/logo.png [36m304 [0m3.647 ms - -[0m
[0mGET /favicon.ico [36m304 [0m2.538 ms - -[0m
[0mGET /personCenter/publish [32m200 [0m58.418 ms - 20495[0m
[0mGET /personCenter/img/icon/logo.png [36m304 [0m1.603 ms - -[0m
[0mGET /favicon.ico [36m304 [0m1.508 ms - -[0m
[0mGET /commodity/addCommodity [32m200 [0m110.988 ms - 13367[0m
[0mGET /favicon.ico [36m304 [0m2.651 ms - -[0m
[0mGET /css/img/loading.gif [32m200 [0m1.481 ms - 49[0m
[0mGET / [32m200 [0m217.727 ms - 21013[0m
[0mGET /favicon.ico [36m304 [0m4.825 ms - -[0m
[0mGET / [36m304 [0m135.038 ms - -[0m
[0mGET /favicon.ico [32m200 [0m2.093 ms - 49[0m
[0mGET / [36m304 [0m110.883 ms - -[0m
[0mGET /favicon.ico [36m304 [0m2.512 ms - -[0m
[0mGET / [0m- [0m- ms - -[0m
[0mGET / [32m200 [0m166.492 ms - 21020[0m
[0mGET /favicon.ico [36m304 [0m2.887 ms - -[0m
[0mGET / [36m304 [0m119.440 ms - -[0m
[0mGET /favicon.ico [32m200 [0m5.336 ms - 49[0m
[0mGET / [36m304 [0m120.069 ms - -[0m
[0mGET /favicon.ico [32m200 [0m1.690 ms - 49[0m
[0mGET / [36m304 [0m122.581 ms - -[0m
[0mGET / [36m304 [0m117.281 ms - -[0m
[0mGET /favicon.ico [32m200 [0m2.466 ms - 49[0m
[0mGET /favicon.ico [36m304 [0m3.245 ms - -[0m
[0mGET / [36m304 [0m124.367 ms - -[0m
[0mGET /favicon.ico [36m304 [0m3.238 ms - -[0m
[0mGET / [36m304 [0m108.455 ms - -[0m
[0mGET /favicon.ico [36m304 [0m1.582 ms - -[0m
[0mGET / [36m304 [0m108.148 ms - -[0m
[0mGET /favicon.ico [36m304 [0m2.480 ms - -[0m
[0mGET / [32m200 [0m113.701 ms - 21017[0m
[0mGET / [36m304 [0m125.673 ms - -[0m
[0mGET /favicon.ico [36m304 [0m3.065 ms - -[0m
[0mGET /favicon.ico [32m200 [0m1.794 ms - 49[0m
[0mGET / [36m304 [0m107.803 ms - -[0m
[0mGET /favicon.ico [36m304 [0m1.589 ms - -[0m
[0mGET / [36m304 [0m116.903 ms - -[0m
[0mGET /favicon.ico [36m304 [0m2.733 ms - -[0m
[0mGET / [36m304 [0m126.559 ms - -[0m
[0mGET /favicon.ico [36m304 [0m5.116 ms - -[0m
[0mGET / [36m304 [0m108.005 ms - -[0m
[0mGET /favicon.ico [36m304 [0m1.444 ms - -[0m
[0mGET / [36m304 [0m106.426 ms - -[0m
[0mGET /favicon.ico [36m304 [0m1.654 ms - -[0m
[0mGET / [36m304 [0m107.146 ms - -[0m
[0mGET /favicon.ico [36m304 [0m4.241 ms - -[0m
[0mGET / [36m304 [0m106.380 ms - -[0m
[0mGET /favicon.ico [36m304 [0m1.456 ms - -[0m
[0mPOST /commodity/addCommodity [0m- [0m- ms - -[0m
[0mGET / [32m200 [0m106.964 ms - 21013[0m
[0mGET /favicon.ico [36m304 [0m2.314 ms - -[0m
[0mGET / [36m304 [0m114.377 ms - -[0m
[0mGET /favicon.ico [36m304 [0m4.205 ms - -[0m
[0mGET / [36m304 [0m111.584 ms - -[0m
[0mGET /favicon.ico [36m304 [0m1.582 ms - -[0m
[0mGET / [36m304 [0m107.021 ms - -[0m
[0mGET /favicon.ico [36m304 [0m1.658 ms - -[0m
[0mGET / [36m304 [0m110.148 ms - -[0m
[0mGET /favicon.ico [36m304 [0m1.608 ms - -[0m
[0mGET / [36m304 [0m111.845 ms - -[0m
[0mGET /favicon.ico [36m304 [0m1.611 ms - -[0m
[0mGET / [36m304 [0m108.364 ms - -[0m
[0mGET /favicon.ico [36m304 [0m3.651 ms - -[0m
[0mGET / [32m200 [0m107.073 ms - 21017[0m
[0mGET / [36m304 [0m148.473 ms - -[0m
[0mGET /favicon.ico [36m304 [0m1.839 ms - -[0m
[0mGET / [36m304 [0m104.720 ms - -[0m
[0mGET / [36m304 [0m113.229 ms - -[0m
[0mGET /favicon.ico [36m304 [0m1.454 ms - -[0m
[0mGET / [36m304 [0m125.518 ms - -[0m
[0mGET /favicon.ico [36m304 [0m5.014 ms - -[0m
[0mGET / [32m200 [0m110.299 ms - 21017[0m
[0mGET / [32m200 [0m111.457 ms - 21016[0m
[0mGET / [32m200 [0m110.571 ms - 21013[0m
[0mGET /favicon.ico [36m304 [0m1.585 ms - -[0m
[0mGET / [32m200 [0m109.850 ms - 21020[0m
[0mGET /favicon.ico [36m304 [0m1.420 ms - -[0m
[0mGET /favicon.ico [36m304 [0m1.678 ms - -[0m
[0mGET / [36m304 [0m109.326 ms - -[0m
[0mGET /favicon.ico [36m304 [0m1.590 ms - -[0m
[0mGET / [36m304 [0m107.825 ms - -[0m
[0mGET /favicon.ico [36m304 [0m1.713 ms - -[0m
[0mGET / [36m304 [0m108.163 ms - -[0m
[0mGET /favicon.ico [36m304 [0m3.886 ms - -[0m
[0mGET / [36m304 [0m107.223 ms - -[0m
[0mGET /favicon.ico [36m304 [0m1.659 ms - -[0m
[0mGET / [36m304 [0m107.232 ms - -[0m
[0mGET /favicon.ico [36m304 [0m1.594 ms - -[0m
[0mGET / [32m200 [0m178.740 ms - 804[0m
[0mGET /favicon.ico [36m304 [0m1.553 ms - -[0m
[0mGET / [32m200 [0m117.080 ms - 804[0m
[0mGET /favicon.ico [36m304 [0m1.549 ms - -[0m
[0mGET / [32m200 [0m21.536 ms - 87[0m
[0mGET /favicon.ico [32m200 [0m3.575 ms - 87[0m
[0mGET / [0m- [0m- ms - -[0m
[0mGET / [0m- [0m- ms - -[0m
[0mGET /commodity/addCommodity [0m- [0m- ms - -[0m
[0mGET / [0m- [0m- ms - -[0m
[0mGET / [0m- [0m- ms - -[0m
[0mGET / [0m- [0m- ms - -[0m
[0mGET / [0m- [0m- ms - -[0m
[0mGET / [0m- [0m- ms - -[0m
