[0mGET /index/index [36m304 [0m30.054 ms - -[0m
[0mGET /index/img/icon/logo.png [33m404 [0m16.943 ms - 969[0m
[0mGET /css/img/icon/line.png [33m404 [0m2.813 ms - 969[0m
[0mGET /css/img/icon/shop_car.png [33m404 [0m2.389 ms - 969[0m
[0mGET /index/index [36m304 [0m12.700 ms - -[0m
[0mGET /index/img/icon/logo.png [33m404 [0m4.726 ms - 969[0m
[0mGET /css/img/icon/line.png [33m404 [0m2.081 ms - 969[0m
[0mGET /css/img/icon/shop_car.png [33m404 [0m3.630 ms - 969[0m
[0mGET /index/index [36m304 [0m5.340 ms - -[0m
[0mGET /index/img/icon/logo.png [33m404 [0m4.159 ms - 969[0m
[0mGET /css/img/icon/line.png [33m404 [0m3.375 ms - 969[0m
[0mGET /css/img/icon/shop_car.png [33m404 [0m2.327 ms - 969[0m
[0mGET /user/login [32m200 [0m4.276 ms - 7434[0m
[0mPOST /user/login [32m200 [0m115.850 ms - 864[0m
[0mGET /user/login [32m200 [0m5.945 ms - 7434[0m
[0mPOST /user/login [36m302 [0m37.212 ms - 68[0m
[0mGET /index/index [32m200 [0m5.125 ms - 20863[0m
[0mGET /index/img/icon/logo.png [33m404 [0m3.954 ms - 969[0m
[0mGET /css/img/icon/line.png [33m404 [0m4.604 ms - 969[0m
[0mGET /css/img/icon/shop_car.png [33m404 [0m3.611 ms - 969[0m
[0mGET /personCenter/personalCenter [36m304 [0m14.203 ms - -[0m
[0mGET /personCenter/img/qunzi.jpg [33m404 [0m7.154 ms - 969[0m
[0mGET /personCenter/img/icon/logo.png [33m404 [0m7.347 ms - 969[0m
[0mGET /css/img/icon/line.png [33m404 [0m8.036 ms - 969[0m
[0mGET /css/img/icon/shop_car.png [33m404 [0m8.135 ms - 969[0m
[0mGET /css/images/icon.fw.png [33m404 [0m2.764 ms - 969[0m
[0mGET /personCenter/publish [36m304 [0m8.611 ms - -[0m
[0mGET /personCenter/img/icon/logo.png [33m404 [0m1.615 ms - 969[0m
[0mGET /personCenter/myIndent [32m200 [0m5.706 ms - 17157[0m
[0mGET /personCenter/img/icon/logo.png [33m404 [0m3.194 ms - 969[0m
[0mGET /personCenter/img/hongtangjiangshui.jpg [33m404 [0m3.520 ms - 969[0m
[0mGET /personCenter/attentionPerson [32m200 [0m9.486 ms - 17941[0m
[0mGET /personCenter/img/icon/logo.png [33m404 [0m2.269 ms - 969[0m
[0mGET /personCenter/img/xiaolan.jpg [33m404 [0m11.285 ms - 969[0m
[0mGET /personCenter/img/xiaoxing.jpg [33m404 [0m11.256 ms - 969[0m
[0mGET /personCenter/img/qunzi.jpg [33m404 [0m11.356 ms - 969[0m
[0mGET /personCenter/img/hongtangjiangshui.jpg [33m404 [0m9.397 ms - 969[0m
[0mGET /personCenter/attentionSchool [32m200 [0m7.093 ms - 17908[0m
[0mGET /personCenter/img/guangzhou.jpg [33m404 [0m5.913 ms - 969[0m
[0mGET /personCenter/img/icon/logo.png [33m404 [0m4.682 ms - 969[0m
[0mGET /personCenter/img/qunzi.jpg [33m404 [0m6.501 ms - 969[0m
[0mGET /personCenter/img/huanan.jpg [33m404 [0m6.570 ms - 969[0m
[0mGET /personCenter/img/hongtangjiangshui.jpg [33m404 [0m5.336 ms - 969[0m
[0mGET /personCenter/attentionSchool [36m304 [0m8.503 ms - -[0m
[0mGET /personCenter/img/guangzhou.jpg [33m404 [0m4.952 ms - 969[0m
[0mGET /personCenter/img/icon/logo.png [33m404 [0m12.753 ms - 969[0m
[0mGET /personCenter/img/hongtangjiangshui.jpg [33m404 [0m12.818 ms - 969[0m
[0mGET /personCenter/img/huanan.jpg [33m404 [0m12.839 ms - 969[0m
[0mGET /personCenter/img/qunzi.jpg [33m404 [0m12.819 ms - 969[0m
[0mGET /personCenter/publish [36m304 [0m4.538 ms - -[0m
[0mGET /personCenter/img/icon/logo.png [33m404 [0m3.144 ms - 969[0m
[0mGET /commodity/addCommodity [36m302 [0m74.320 ms - 72[0m
[0mGET /user/register [32m200 [0m3.384 ms - 11632[0m
[0mGET /css/img/loading.gif [33m404 [0m2.172 ms - 969[0m
[0mPOST /user/register [33m404 [0m176.700 ms - 969[0m
[0mPOST /user/register [33m404 [0m219.079 ms - 969[0m
[0mGET /user/register [36m304 [0m3.104 ms - -[0m
[0mGET /css/img/loading.gif [33m404 [0m2.537 ms - 969[0m
[0mPOST /user/register [33m404 [0m201.890 ms - 969[0m
[0mGET /user/register [36m304 [0m2.580 ms - -[0m
[0mGET /css/img/loading.gif [33m404 [0m4.302 ms - 969[0m
[0mPOST /user/register [33m404 [0m181.112 ms - 969[0m
[0mPOST /user/register [33m404 [0m11.208 ms - 969[0m
[0mGET /user/register [36m304 [0m2.597 ms - -[0m
[0mGET /user/register [36m304 [0m4.103 ms - -[0m
[0mPOST /user/register [33m404 [0m169.975 ms - 969[0m
[0mGET /user/register [36m304 [0m2.500 ms - -[0m
[0mGET /css/img/loading.gif [33m404 [0m1.734 ms - 969[0m
[0mPOST /user/register [33m404 [0m167.056 ms - 969[0m
[0mGET /user/login [32m200 [0m19.254 ms - 7434[0m
[0mGET /favicon.ico [33m404 [0m15.255 ms - 969[0m
[0mGET / [36m304 [0m6.228 ms - -[0m
[0mGET /img/icon/logo.png [33m404 [0m1.648 ms - 969[0m
[0mGET /css/img/icon/line.png [33m404 [0m2.670 ms - 969[0m
[0mGET /css/img/icon/shop_car.png [33m404 [0m2.301 ms - 969[0m
[0mGET /user/login [36m304 [0m2.934 ms - -[0m
[0mPOST /user/login [36m302 [0m109.797 ms - 68[0m
[0mGET /index/index [36m304 [0m5.182 ms - -[0m
[0mGET /index/img/icon/logo.png [33m404 [0m1.839 ms - 969[0m
[0mGET /personCenter/personalCenter [36m304 [0m5.013 ms - -[0m
[0mGET /personCenter/img/qunzi.jpg [33m404 [0m4.449 ms - 969[0m
[0mGET /personCenter/img/icon/logo.png [33m404 [0m4.426 ms - 969[0m
[0mGET /css/images/icon.fw.png [33m404 [0m1.861 ms - 969[0m
[0mGET /personCenter/publish [36m304 [0m4.687 ms - -[0m
[0mGET /personCenter/img/icon/logo.png [33m404 [0m2.086 ms - 969[0m
[0mGET /commodity/addCommodity [36m302 [0m28.188 ms - 72[0m
[0mGET /user/register [36m304 [0m3.490 ms - -[0m
[0mGET /css/img/loading.gif [33m404 [0m2.547 ms - 969[0m
[0mPOST /user/register [33m404 [0m192.144 ms - 969[0m
